#
# A fatal error has been detected by the Java Runtime Environment:
#
#  SIGSEGV (0xb) at pc=0x00007fa4f62e99f0, pid=2941, tid=2970
#
# JRE version: Java(TM) SE Runtime Environment (11.0.2+9) (build 11.0.2+9-LTS)
# Java VM: Java HotSpot(TM) 64-Bit Server VM (11.0.2+9-LTS, mixed mode, tiered, compressed oops, g1 gc, linux-amd64)
# Problematic frame:
# C  [ld-linux-x86-64.so.2+0x199f0]  __tls_get_addr+0x0
#
# Core dump will be written. Default location: Core dumps may be processed with "/usr/share/apport/apport %p %s %c %d %P" (or dumping to /opt/pessoal/cadastroPessoa/backendSpring/core.2941)
#
# If you would like to submit a bug report, please visit:
#   http://bugreport.java.com/bugreport/crash.jsp
#

---------------  S U M M A R Y ------------

Command Line: -agentlib:jdwp=transport=dt_socket,address=127.0.0.1:44985,suspend=y,server=n -ea -Didea.test.cyclic.buffer.size=1048576 -javaagent:/opt/ide/idea-IU-191.6707.61/lib/rt/debugger-agent.jar -Dfile.encoding=UTF-8 com.intellij.rt.execution.junit.JUnitStarter -ideVersion5 -junit4 br.com.exemplo.pessoa.PessoaControllerTest,listar

Host: AMD Ryzen 7 1700 Eight-Core Processor, 16 cores, 15G, Ubuntu 18.04.4 LTS
Time: Sat Mar 14 19:14:57 2020 -04 elapsed time: 1 seconds (0d 0h 0m 1s)

---------------  T H R E A D  ---------------

Current thread (0x00007fa488001800):  JavaThread "C2 CompilerThread1" daemon [_thread_in_native, id=2970, stack(0x00007fa48fdfe000,0x00007fa48feff000)]


Current CompileTask:
C2:   1238 1738       4       java.net.URLStreamHandler::parseURL (1201 bytes)

Stack: [0x00007fa48fdfe000,0x00007fa48feff000],  sp=0x00007fa48fefa448,  free space=1009k
Native frames: (J=compiled Java code, A=aot compiled Java code, j=interpreted, Vv=VM code, C=native code)
C  [ld-linux-x86-64.so.2+0x199f0]  __tls_get_addr+0x0
V  [libjvm.so+0x56a342]  PhaseChaitin::gather_lrg_masks(bool)+0x4e2
V  [libjvm.so+0x56e6e4]  PhaseChaitin::Register_Allocate()+0x504
V  [libjvm.so+0x63917a]  Compile::Code_Gen()+0x28a
V  [libjvm.so+0x63c6f0]  Compile::Compile(ciEnv*, C2Compiler*, ciMethod*, int, bool, bool, bool, DirectiveSet*)+0xc80
V  [libjvm.so+0x548061]  C2Compiler::compile_method(ciEnv*, ciMethod*, int, DirectiveSet*)+0xb1
V  [libjvm.so+0x64664c]  CompileBroker::invoke_compiler_on_method(CompileTask*)+0x4fc
V  [libjvm.so+0x6481c8]  CompileBroker::compiler_thread_loop()+0x598
V  [libjvm.so+0xdc4bbd]  JavaThread::thread_main_inner()+0x21d
V  [libjvm.so+0xdc4f67]  JavaThread::run()+0x377
V  [libjvm.so+0xc09750]  thread_native_entry(Thread*)+0xf0


siginfo: si_signo: 11 (SIGSEGV), si_code: 1 (SEGV_MAPERR), si_addr: 0x00007fa4f7475d50

Register to memory mapping:

RAX=0x00000000ffffffff is an unknown value
RBX=0x000000000000001c is an unknown value
RCX=0x00007fa4f4564eb0: <offset 0x0000000000363eb0> in /usr/lib/jvm/java-11-oracle/lib/server/libjvm.so at 0x00007fa4f4201000
RDX=0x00007fa4f4564eb0: <offset 0x0000000000363eb0> in /usr/lib/jvm/java-11-oracle/lib/server/libjvm.so at 0x00007fa4f4201000
RSP=0x00007fa48fefa448 is pointing into the stack for thread: 0x00007fa488001800
RBP=0x00007fa48fefa470 is pointing into the stack for thread: 0x00007fa488001800
RSI=0x000000000000001c is an unknown value
RDI=0x00007fa4f55fefd0: <offset 0x00000000013fdfd0> in /usr/lib/jvm/java-11-oracle/lib/server/libjvm.so at 0x00007fa4f4201000
R8 =0x0000000000000008 is an unknown value
R9 =0x00007fa4a4542200 points into unknown readable memory: 00 00 40 00 00 00 00 00
R10=0x00007fa48054e97c points into unknown readable memory: 01 00 01 00
R11=0x0 is NULL
R12=0x00007fa468086da0 points into unknown readable memory: 30 92 59 f5 a4 7f 00 00
R13=0x00007fa468086da0 points into unknown readable memory: 30 92 59 f5 a4 7f 00 00
R14=0x00007fa48fefa8f0 is pointing into the stack for thread: 0x00007fa488001800
R15=0x00007fa4a45421a8 points into unknown readable memory: 00 00 c0 00 00 00 00 00


Registers:
RAX=0x00000000ffffffff, RBX=0x000000000000001c, RCX=0x00007fa4f4564eb0, RDX=0x00007fa4f4564eb0
RSP=0x00007fa48fefa448, RBP=0x00007fa48fefa470, RSI=0x000000000000001c, RDI=0x00007fa4f55fefd0
R8 =0x0000000000000008, R9 =0x00007fa4a4542200, R10=0x00007fa48054e97c, R11=0x0000000000000000
R12=0x00007fa468086da0, R13=0x00007fa468086da0, R14=0x00007fa48fefa8f0, R15=0x00007fa4a45421a8
RIP=0x00007fa4f62e99f0, EFLAGS=0x0000000000010282, CSGSFS=0x002b000000000033, ERR=0x0000000000000004
  TRAPNO=0x000000000000000e

Top of Stack: (sp=0x00007fa48fefa448)
0x00007fa48fefa448:   00007fa4f4cbeb95 00007fa480554fc0
0x00007fa48fefa458:   00000000000000e0 00007fa4805c6620
0x00007fa48fefa468:   00007fa468086da0 00007fa48fefa4f0
0x00007fa48fefa478:   00007fa4f476b342 00007fa48fefa5c0 

Instructions: (pc=0x00007fa4f62e99f0)
0x00007fa4f62e99d0:   30 48 8b 54 24 38 48 8b 4c 24 40 48 83 c4 48 ff
0x00007fa4f62e99e0:   20 66 2e 0f 1f 84 00 00 00 00 00 0f 1f 44 00 00
0x00007fa4f62e99f0:   64 48 8b 14 25 08 00 00 00 48 8b 05 b8 f5 20 00
0x00007fa4f62e9a00:   48 39 02 75 16 48 8b 07 48 c1 e0 04 48 8b 04 02 

Stack slot to memory mapping:
stack at sp + 0 slots: 0x00007fa4f4cbeb95: <offset 0x0000000000abdb95> in /usr/lib/jvm/java-11-oracle/lib/server/libjvm.so at 0x00007fa4f4201000
stack at sp + 1 slots: 0x00007fa480554fc0 points into unknown readable memory: 00 00 00 00 00 00 00 00
stack at sp + 2 slots: 0x00000000000000e0 is an unknown value
stack at sp + 3 slots: 0x00007fa4805c6620 points into unknown readable memory: 00 00 00 00 00 00 00 00
stack at sp + 4 slots: 0x00007fa468086da0 points into unknown readable memory: 30 92 59 f5 a4 7f 00 00
stack at sp + 5 slots: 0x00007fa48fefa4f0 is pointing into the stack for thread: 0x00007fa488001800
stack at sp + 6 slots: 0x00007fa4f476b342: <offset 0x000000000056a342> in /usr/lib/jvm/java-11-oracle/lib/server/libjvm.so at 0x00007fa4f4201000
stack at sp + 7 slots: 0x00007fa48fefa5c0 is pointing into the stack for thread: 0x00007fa488001800


---------------  P R O C E S S  ---------------

Threads class SMR info:
_java_thread_list=0x00007fa4ecba1190, length=17, elements={
0x00007fa4ec016000, 0x00007fa4ec289000, 0x00007fa4ec28d800, 0x00007fa4ec2a0000,
0x00007fa4ec2a2000, 0x00007fa4ec2a4000, 0x00007fa4ec2a6000, 0x00007fa4ec349800,
0x00007fa49808f800, 0x00007fa498091000, 0x00007fa488001800, 0x00007fa4ec3b2000,
0x00007fa4ec3b6000, 0x00007fa484001800, 0x00007fa4ec7ba800, 0x00007fa4880ab800,
0x00007fa4ecb9e000
}

Java Threads: ( => current thread )
  0x00007fa4ec016000 JavaThread "main" [_thread_in_vm, id=2942, stack(0x00007fa4f63d1000,0x00007fa4f64d2000)]
  0x00007fa4ec289000 JavaThread "Reference Handler" daemon [_thread_blocked, id=2956, stack(0x00007fa4c10f6000,0x00007fa4c11f7000)]
  0x00007fa4ec28d800 JavaThread "Finalizer" daemon [_thread_blocked, id=2957, stack(0x00007fa4c0ff5000,0x00007fa4c10f6000)]
  0x00007fa4ec2a0000 JavaThread "Signal Dispatcher" daemon [_thread_blocked, id=2958, stack(0x00007fa4c0525000,0x00007fa4c0626000)]
  0x00007fa4ec2a2000 JavaThread "C2 CompilerThread0" daemon [_thread_in_native, id=2959, stack(0x00007fa4c0424000,0x00007fa4c0525000)]
  0x00007fa4ec2a4000 JavaThread "C1 CompilerThread0" daemon [_thread_blocked, id=2960, stack(0x00007fa4c0323000,0x00007fa4c0424000)]
  0x00007fa4ec2a6000 JavaThread "Sweeper thread" daemon [_thread_blocked, id=2961, stack(0x00007fa4c0222000,0x00007fa4c0323000)]
  0x00007fa4ec349800 JavaThread "Common-Cleaner" daemon [_thread_blocked, id=2967, stack(0x00007fa4c0121000,0x00007fa4c0222000)]
  0x00007fa49808f800 JavaThread "C1 CompilerThread1" daemon [_thread_in_native, id=2968, stack(0x00007fa4c0020000,0x00007fa4c0121000)]
  0x00007fa498091000 JavaThread "C1 CompilerThread2" daemon [_thread_blocked, id=2969, stack(0x00007fa48feff000,0x00007fa490000000)]
=>0x00007fa488001800 JavaThread "C2 CompilerThread1" daemon [_thread_in_native, id=2970, stack(0x00007fa48fdfe000,0x00007fa48feff000)]
  0x00007fa4ec3b2000 JavaThread "JDWP Transport Listener: dt_socket" daemon [_thread_blocked, id=2971, stack(0x00007fa48faf7000,0x00007fa48fbf8000)]
  0x00007fa4ec3b6000 JavaThread "JDWP Event Helper Thread" daemon [_thread_blocked, id=2973, stack(0x00007fa48f9f6000,0x00007fa48faf7000)]
  0x00007fa484001800 JavaThread "JDWP Command Reader" daemon [_thread_in_native, id=2975, stack(0x00007fa48f8f5000,0x00007fa48f9f6000)]
  0x00007fa4ec7ba800 JavaThread "Service Thread" daemon [_thread_blocked, id=2976, stack(0x00007fa48f3cb000,0x00007fa48f4cc000)]
  0x00007fa4880ab800 JavaThread "C2 CompilerThread2" daemon [_thread_in_native, id=2991, stack(0x00007fa48f1c8000,0x00007fa48f2c9000)]
  0x00007fa4ecb9e000 JavaThread "background-preinit" [_thread_in_vm, id=3009, stack(0x00007fa48e3bd000,0x00007fa48e4be000)]

Other Threads:
  0x00007fa4ec281000 VMThread "VM Thread" [stack: 0x00007fa4c11f9000,0x00007fa4c12f9000] [id=2955]
  0x00007fa4ec7bd000 WatcherThread [stack: 0x00007fa48f2cb000,0x00007fa48f3cb000] [id=2977]
  0x00007fa4ec03e800 GCTaskThread "GC Thread#0" [stack: 0x00007fa4f24a0000,0x00007fa4f25a0000] [id=2943]
  0x00007fa4b4001000 GCTaskThread "GC Thread#1" [stack: 0x00007fa48eec8000,0x00007fa48efc8000] [id=2993]
  0x00007fa4b4002800 GCTaskThread "GC Thread#2" [stack: 0x00007fa48edc6000,0x00007fa48eec6000] [id=2994]
  0x00007fa4b4004000 GCTaskThread "GC Thread#3" [stack: 0x00007fa48ecc4000,0x00007fa48edc4000] [id=2996]
  0x00007fa4b4006000 GCTaskThread "GC Thread#4" [stack: 0x00007fa48ebc2000,0x00007fa48ecc2000] [id=2997]
  0x00007fa4b4007800 GCTaskThread "GC Thread#5" [stack: 0x00007fa48eac0000,0x00007fa48ebc0000] [id=2998]
  0x00007fa4ec09d000 ConcurrentGCThread "G1 Main Marker" [stack: 0x00007fa4d49c2000,0x00007fa4d4ac2000] [id=2944]
  0x00007fa4ec09f000 ConcurrentGCThread "G1 Conc#0" [stack: 0x00007fa4d48c0000,0x00007fa4d49c0000] [id=2945]
  0x00007fa4c4001000 ConcurrentGCThread "G1 Conc#1" [stack: 0x00007fa48dab2000,0x00007fa48dbb2000] [id=3017]
  0x00007fa4c4002800 ConcurrentGCThread "G1 Conc#2" [stack: 0x00007fa48d9b0000,0x00007fa48dab0000] [id=3018]
  0x00007fa4ec1b5000 ConcurrentGCThread "G1 Refine#0" [stack: 0x00007fa4c1bfd000,0x00007fa4c1cfd000] [id=2947]
  0x00007fa4ec1b7000 ConcurrentGCThread "G1 Young RemSet Sampling" [stack: 0x00007fa4c1afb000,0x00007fa4c1bfb000] [id=2948]

Threads with active compile tasks:
C2 CompilerThread01937   !   4       java.util.WeakHashMap::expungeStaleEntries (139 bytes)
C1 CompilerThread11943   !   3       java.lang.ref.ReferenceQueue::remove (125 bytes)
C2 CompilerThread11738       4       java.net.URLStreamHandler::parseURL (1201 bytes)
C2 CompilerThread21907       4       java.lang.invoke.LambdaForm$Name::replaceNames (174 bytes)

VM state:not at safepoint (normal execution)

VM Mutex/Monitor currently owned by a thread: None

Heap address: 0x0000000705c00000, size: 4004 MB, Compressed Oops mode: Zero based, Oop shift amount: 3
Narrow klass base: 0x0000000800000000, Narrow klass shift: 0
Compressed class space size: 1073741824 Address: 0x0000000800000000

Heap:
 garbage-first heap   total 258048K, used 9840K [0x0000000705c00000, 0x0000000800000000)
  region size 1024K, 2 young (2048K), 1 survivors (1024K)
 Metaspace       used 21162K, capacity 21618K, committed 21888K, reserved 1069056K
  class space    used 2415K, capacity 2593K, committed 2688K, reserved 1048576K
Heap Regions: E=young(eden), S=young(survivor), O=old, HS=humongous(starts), HC=humongous(continues), CS=collection set, F=free, A=archive, TAMS=top-at-mark-start (previous, next)
|   0|0x0000000705c00000, 0x0000000705d00000, 0x0000000705d00000|100%|HS|  |TAMS 0x0000000705d00000, 0x0000000705c00000| Complete 
|   1|0x0000000705d00000, 0x0000000705e00000, 0x0000000705e00000|100%| O|  |TAMS 0x0000000705e00000, 0x0000000705d00000| Untracked 
|   2|0x0000000705e00000, 0x0000000705f00000, 0x0000000705f00000|100%| O|  |TAMS 0x0000000705f00000, 0x0000000705e00000| Untracked 
|   3|0x0000000705f00000, 0x0000000706000000, 0x0000000706000000|100%| O|  |TAMS 0x0000000705fec800, 0x0000000705f00000| Untracked 
|   4|0x0000000706000000, 0x0000000706100000, 0x0000000706100000|100%| O|  |TAMS 0x0000000706000000, 0x0000000706000000| Untracked 
|   5|0x0000000706100000, 0x0000000706200000, 0x0000000706200000|100%| O|  |TAMS 0x0000000706100000, 0x0000000706100000| Untracked 
|   6|0x0000000706200000, 0x0000000706300000, 0x0000000706300000|100%| O|  |TAMS 0x0000000706200000, 0x0000000706200000| Untracked 
|   7|0x0000000706300000, 0x0000000706400000, 0x0000000706400000|100%| O|  |TAMS 0x0000000706300000, 0x0000000706300000| Untracked 
|   8|0x0000000706400000, 0x0000000706500000, 0x0000000706500000|100%| O|  |TAMS 0x0000000706400000, 0x0000000706400000| Untracked 
|   9|0x0000000706500000, 0x0000000706509400, 0x0000000706600000|  3%| O|  |TAMS 0x0000000706500000, 0x0000000706500000| Untracked 
|  10|0x0000000706600000, 0x0000000706600000, 0x0000000706700000|  0%| F|  |TAMS 0x0000000706600000, 0x0000000706600000| Untracked 
|  11|0x0000000706700000, 0x0000000706700000, 0x0000000706800000|  0%| F|  |TAMS 0x0000000706700000, 0x0000000706700000| Untracked 
|  12|0x0000000706800000, 0x0000000706800000, 0x0000000706900000|  0%| F|  |TAMS 0x0000000706800000, 0x0000000706800000| Untracked 
|  13|0x0000000706900000, 0x0000000706900000, 0x0000000706a00000|  0%| F|  |TAMS 0x0000000706900000, 0x0000000706900000| Untracked 
|  14|0x0000000706a00000, 0x0000000706a00000, 0x0000000706b00000|  0%| F|  |TAMS 0x0000000706a00000, 0x0000000706a00000| Untracked 
|  15|0x0000000706b00000, 0x0000000706b00000, 0x0000000706c00000|  0%| F|  |TAMS 0x0000000706b00000, 0x0000000706b00000| Untracked 
|  16|0x0000000706c00000, 0x0000000706c00000, 0x0000000706d00000|  0%| F|  |TAMS 0x0000000706c00000, 0x0000000706c00000| Untracked 
|  17|0x0000000706d00000, 0x0000000706d00000, 0x0000000706e00000|  0%| F|  |TAMS 0x0000000706d00000, 0x0000000706d00000| Untracked 
|  18|0x0000000706e00000, 0x0000000706e00000, 0x0000000706f00000|  0%| F|  |TAMS 0x0000000706e00000, 0x0000000706e00000| Untracked 
|  19|0x0000000706f00000, 0x0000000706f00000, 0x0000000707000000|  0%| F|  |TAMS 0x0000000706f00000, 0x0000000706f00000| Untracked 
|  20|0x0000000707000000, 0x0000000707000000, 0x0000000707100000|  0%| F|  |TAMS 0x0000000707000000, 0x0000000707000000| Untracked 
|  21|0x0000000707100000, 0x0000000707100000, 0x0000000707200000|  0%| F|  |TAMS 0x0000000707100000, 0x0000000707100000| Untracked 
|  22|0x0000000707200000, 0x0000000707200000, 0x0000000707300000|  0%| F|  |TAMS 0x0000000707200000, 0x0000000707200000| Untracked 
|  23|0x0000000707300000, 0x0000000707300000, 0x0000000707400000|  0%| F|  |TAMS 0x0000000707300000, 0x0000000707300000| Untracked 
|  24|0x0000000707400000, 0x0000000707400000, 0x0000000707500000|  0%| F|  |TAMS 0x0000000707400000, 0x0000000707400000| Untracked 
|  25|0x0000000707500000, 0x0000000707500000, 0x0000000707600000|  0%| F|  |TAMS 0x0000000707500000, 0x0000000707500000| Untracked 
|  26|0x0000000707600000, 0x0000000707600000, 0x0000000707700000|  0%| F|  |TAMS 0x0000000707600000, 0x0000000707600000| Untracked 
|  27|0x0000000707700000, 0x0000000707700000, 0x0000000707800000|  0%| F|  |TAMS 0x0000000707700000, 0x0000000707700000| Untracked 
|  28|0x0000000707800000, 0x0000000707800000, 0x0000000707900000|  0%| F|  |TAMS 0x0000000707800000, 0x0000000707800000| Untracked 
|  29|0x0000000707900000, 0x0000000707900000, 0x0000000707a00000|  0%| F|  |TAMS 0x0000000707900000, 0x0000000707900000| Untracked 
|  30|0x0000000707a00000, 0x0000000707a00000, 0x0000000707b00000|  0%| F|  |TAMS 0x0000000707a00000, 0x0000000707a00000| Untracked 
|  31|0x0000000707b00000, 0x0000000707b00000, 0x0000000707c00000|  0%| F|  |TAMS 0x0000000707b00000, 0x0000000707b00000| Untracked 
|  32|0x0000000707c00000, 0x0000000707c00000, 0x0000000707d00000|  0%| F|  |TAMS 0x0000000707c00000, 0x0000000707c00000| Untracked 
|  33|0x0000000707d00000, 0x0000000707d00000, 0x0000000707e00000|  0%| F|  |TAMS 0x0000000707d00000, 0x0000000707d00000| Untracked 
|  34|0x0000000707e00000, 0x0000000707e00000, 0x0000000707f00000|  0%| F|  |TAMS 0x0000000707e00000, 0x0000000707e00000| Untracked 
|  35|0x0000000707f00000, 0x0000000707f00000, 0x0000000708000000|  0%| F|  |TAMS 0x0000000707f00000, 0x0000000707f00000| Untracked 
|  36|0x0000000708000000, 0x0000000708000000, 0x0000000708100000|  0%| F|  |TAMS 0x0000000708000000, 0x0000000708000000| Untracked 
|  37|0x0000000708100000, 0x0000000708100000, 0x0000000708200000|  0%| F|  |TAMS 0x0000000708100000, 0x0000000708100000| Untracked 
|  38|0x0000000708200000, 0x0000000708200000, 0x0000000708300000|  0%| F|  |TAMS 0x0000000708200000, 0x0000000708200000| Untracked 
|  39|0x0000000708300000, 0x0000000708300000, 0x0000000708400000|  0%| F|  |TAMS 0x0000000708300000, 0x0000000708300000| Untracked 
|  40|0x0000000708400000, 0x0000000708400000, 0x0000000708500000|  0%| F|  |TAMS 0x0000000708400000, 0x0000000708400000| Untracked 
|  41|0x0000000708500000, 0x0000000708500000, 0x0000000708600000|  0%| F|  |TAMS 0x0000000708500000, 0x0000000708500000| Untracked 
|  42|0x0000000708600000, 0x0000000708600000, 0x0000000708700000|  0%| F|  |TAMS 0x0000000708600000, 0x0000000708600000| Untracked 
|  43|0x0000000708700000, 0x0000000708700000, 0x0000000708800000|  0%| F|  |TAMS 0x0000000708700000, 0x0000000708700000| Untracked 
|  44|0x0000000708800000, 0x0000000708800000, 0x0000000708900000|  0%| F|  |TAMS 0x0000000708800000, 0x0000000708800000| Untracked 
|  45|0x0000000708900000, 0x0000000708900000, 0x0000000708a00000|  0%| F|  |TAMS 0x0000000708900000, 0x0000000708900000| Untracked 
|  46|0x0000000708a00000, 0x0000000708a00000, 0x0000000708b00000|  0%| F|  |TAMS 0x0000000708a00000, 0x0000000708a00000| Untracked 
|  47|0x0000000708b00000, 0x0000000708b00000, 0x0000000708c00000|  0%| F|  |TAMS 0x0000000708b00000, 0x0000000708b00000| Untracked 
|  48|0x0000000708c00000, 0x0000000708c00000, 0x0000000708d00000|  0%| F|  |TAMS 0x0000000708c00000, 0x0000000708c00000| Untracked 
|  49|0x0000000708d00000, 0x0000000708d00000, 0x0000000708e00000|  0%| F|  |TAMS 0x0000000708d00000, 0x0000000708d00000| Untracked 
|  50|0x0000000708e00000, 0x0000000708e00000, 0x0000000708f00000|  0%| F|  |TAMS 0x0000000708e00000, 0x0000000708e00000| Untracked 
|  51|0x0000000708f00000, 0x0000000708f00000, 0x0000000709000000|  0%| F|  |TAMS 0x0000000708f00000, 0x0000000708f00000| Untracked 
|  52|0x0000000709000000, 0x0000000709000000, 0x0000000709100000|  0%| F|  |TAMS 0x0000000709000000, 0x0000000709000000| Untracked 
|  53|0x0000000709100000, 0x0000000709100000, 0x0000000709200000|  0%| F|  |TAMS 0x0000000709100000, 0x0000000709100000| Untracked 
|  54|0x0000000709200000, 0x0000000709200000, 0x0000000709300000|  0%| F|  |TAMS 0x0000000709200000, 0x0000000709200000| Untracked 
|  55|0x0000000709300000, 0x0000000709300000, 0x0000000709400000|  0%| F|  |TAMS 0x0000000709300000, 0x0000000709300000| Untracked 
|  56|0x0000000709400000, 0x0000000709400000, 0x0000000709500000|  0%| F|  |TAMS 0x0000000709400000, 0x0000000709400000| Untracked 
|  57|0x0000000709500000, 0x0000000709500000, 0x0000000709600000|  0%| F|  |TAMS 0x0000000709500000, 0x0000000709500000| Untracked 
|  58|0x0000000709600000, 0x0000000709600000, 0x0000000709700000|  0%| F|  |TAMS 0x0000000709600000, 0x0000000709600000| Untracked 
|  59|0x0000000709700000, 0x0000000709700000, 0x0000000709800000|  0%| F|  |TAMS 0x0000000709700000, 0x0000000709700000| Untracked 
|  60|0x0000000709800000, 0x0000000709800000, 0x0000000709900000|  0%| F|  |TAMS 0x0000000709800000, 0x0000000709800000| Untracked 
|  61|0x0000000709900000, 0x0000000709900000, 0x0000000709a00000|  0%| F|  |TAMS 0x0000000709900000, 0x0000000709900000| Untracked 
|  62|0x0000000709a00000, 0x0000000709a00000, 0x0000000709b00000|  0%| F|  |TAMS 0x0000000709a00000, 0x0000000709a00000| Untracked 
|  63|0x0000000709b00000, 0x0000000709b00000, 0x0000000709c00000|  0%| F|  |TAMS 0x0000000709b00000, 0x0000000709b00000| Untracked 
|  64|0x0000000709c00000, 0x0000000709c00000, 0x0000000709d00000|  0%| F|  |TAMS 0x0000000709c00000, 0x0000000709c00000| Untracked 
|  65|0x0000000709d00000, 0x0000000709d00000, 0x0000000709e00000|  0%| F|  |TAMS 0x0000000709d00000, 0x0000000709d00000| Untracked 
|  66|0x0000000709e00000, 0x0000000709e00000, 0x0000000709f00000|  0%| F|  |TAMS 0x0000000709e00000, 0x0000000709e00000| Untracked 
|  67|0x0000000709f00000, 0x0000000709f00000, 0x000000070a000000|  0%| F|  |TAMS 0x0000000709f00000, 0x0000000709f00000| Untracked 
|  68|0x000000070a000000, 0x000000070a000000, 0x000000070a100000|  0%| F|  |TAMS 0x000000070a000000, 0x000000070a000000| Untracked 
|  69|0x000000070a100000, 0x000000070a100000, 0x000000070a200000|  0%| F|  |TAMS 0x000000070a100000, 0x000000070a100000| Untracked 
|  70|0x000000070a200000, 0x000000070a200000, 0x000000070a300000|  0%| F|  |TAMS 0x000000070a200000, 0x000000070a200000| Untracked 
|  71|0x000000070a300000, 0x000000070a300000, 0x000000070a400000|  0%| F|  |TAMS 0x000000070a300000, 0x000000070a300000| Untracked 
|  72|0x000000070a400000, 0x000000070a400000, 0x000000070a500000|  0%| F|  |TAMS 0x000000070a400000, 0x000000070a400000| Untracked 
|  73|0x000000070a500000, 0x000000070a500000, 0x000000070a600000|  0%| F|  |TAMS 0x000000070a500000, 0x000000070a500000| Untracked 
|  74|0x000000070a600000, 0x000000070a600000, 0x000000070a700000|  0%| F|  |TAMS 0x000000070a600000, 0x000000070a600000| Untracked 
|  75|0x000000070a700000, 0x000000070a700000, 0x000000070a800000|  0%| F|  |TAMS 0x000000070a700000, 0x000000070a700000| Untracked 
|  76|0x000000070a800000, 0x000000070a800000, 0x000000070a900000|  0%| F|  |TAMS 0x000000070a800000, 0x000000070a800000| Untracked 
|  77|0x000000070a900000, 0x000000070a900000, 0x000000070aa00000|  0%| F|  |TAMS 0x000000070a900000, 0x000000070a900000| Untracked 
|  78|0x000000070aa00000, 0x000000070aa00000, 0x000000070ab00000|  0%| F|  |TAMS 0x000000070aa00000, 0x000000070aa00000| Untracked 
|  79|0x000000070ab00000, 0x000000070ab00000, 0x000000070ac00000|  0%| F|  |TAMS 0x000000070ab00000, 0x000000070ab00000| Untracked 
|  80|0x000000070ac00000, 0x000000070ac00000, 0x000000070ad00000|  0%| F|  |TAMS 0x000000070ac00000, 0x000000070ac00000| Untracked 
|  81|0x000000070ad00000, 0x000000070ad00000, 0x000000070ae00000|  0%| F|  |TAMS 0x000000070ad00000, 0x000000070ad00000| Untracked 
|  82|0x000000070ae00000, 0x000000070ae00000, 0x000000070af00000|  0%| F|  |TAMS 0x000000070ae00000, 0x000000070ae00000| Untracked 
|  83|0x000000070af00000, 0x000000070af00000, 0x000000070b000000|  0%| F|  |TAMS 0x000000070af00000, 0x000000070af00000| Untracked 
|  84|0x000000070b000000, 0x000000070b000000, 0x000000070b100000|  0%| F|  |TAMS 0x000000070b000000, 0x000000070b000000| Untracked 
|  85|0x000000070b100000, 0x000000070b100000, 0x000000070b200000|  0%| F|  |TAMS 0x000000070b100000, 0x000000070b100000| Untracked 
|  86|0x000000070b200000, 0x000000070b200000, 0x000000070b300000|  0%| F|  |TAMS 0x000000070b200000, 0x000000070b200000| Untracked 
|  87|0x000000070b300000, 0x000000070b300000, 0x000000070b400000|  0%| F|  |TAMS 0x000000070b300000, 0x000000070b300000| Untracked 
|  88|0x000000070b400000, 0x000000070b400000, 0x000000070b500000|  0%| F|  |TAMS 0x000000070b400000, 0x000000070b400000| Untracked 
|  89|0x000000070b500000, 0x000000070b500000, 0x000000070b600000|  0%| F|  |TAMS 0x000000070b500000, 0x000000070b500000| Untracked 
|  90|0x000000070b600000, 0x000000070b600000, 0x000000070b700000|  0%| F|  |TAMS 0x000000070b600000, 0x000000070b600000| Untracked 
|  91|0x000000070b700000, 0x000000070b700000, 0x000000070b800000|  0%| F|  |TAMS 0x000000070b700000, 0x000000070b700000| Untracked 
|  92|0x000000070b800000, 0x000000070b800000, 0x000000070b900000|  0%| F|  |TAMS 0x000000070b800000, 0x000000070b800000| Untracked 
|  93|0x000000070b900000, 0x000000070b900000, 0x000000070ba00000|  0%| F|  |TAMS 0x000000070b900000, 0x000000070b900000| Untracked 
|  94|0x000000070ba00000, 0x000000070ba00000, 0x000000070bb00000|  0%| F|  |TAMS 0x000000070ba00000, 0x000000070ba00000| Untracked 
|  95|0x000000070bb00000, 0x000000070bb00000, 0x000000070bc00000|  0%| F|  |TAMS 0x000000070bb00000, 0x000000070bb00000| Untracked 
|  96|0x000000070bc00000, 0x000000070bc00000, 0x000000070bd00000|  0%| F|  |TAMS 0x000000070bc00000, 0x000000070bc00000| Untracked 
|  97|0x000000070bd00000, 0x000000070bd00000, 0x000000070be00000|  0%| F|  |TAMS 0x000000070bd00000, 0x000000070bd00000| Untracked 
|  98|0x000000070be00000, 0x000000070be00000, 0x000000070bf00000|  0%| F|  |TAMS 0x000000070be00000, 0x000000070be00000| Untracked 
|  99|0x000000070bf00000, 0x000000070bf00000, 0x000000070c000000|  0%| F|  |TAMS 0x000000070bf00000, 0x000000070bf00000| Untracked 
| 100|0x000000070c000000, 0x000000070c000000, 0x000000070c100000|  0%| F|  |TAMS 0x000000070c000000, 0x000000070c000000| Untracked 
| 101|0x000000070c100000, 0x000000070c100000, 0x000000070c200000|  0%| F|  |TAMS 0x000000070c100000, 0x000000070c100000| Untracked 
| 102|0x000000070c200000, 0x000000070c200000, 0x000000070c300000|  0%| F|  |TAMS 0x000000070c200000, 0x000000070c200000| Untracked 
| 103|0x000000070c300000, 0x000000070c300000, 0x000000070c400000|  0%| F|  |TAMS 0x000000070c300000, 0x000000070c300000| Untracked 
| 104|0x000000070c400000, 0x000000070c400000, 0x000000070c500000|  0%| F|  |TAMS 0x000000070c400000, 0x000000070c400000| Untracked 
| 105|0x000000070c500000, 0x000000070c500000, 0x000000070c600000|  0%| F|  |TAMS 0x000000070c500000, 0x000000070c500000| Untracked 
| 106|0x000000070c600000, 0x000000070c600000, 0x000000070c700000|  0%| F|  |TAMS 0x000000070c600000, 0x000000070c600000| Untracked 
| 107|0x000000070c700000, 0x000000070c700000, 0x000000070c800000|  0%| F|  |TAMS 0x000000070c700000, 0x000000070c700000| Untracked 
| 108|0x000000070c800000, 0x000000070c800000, 0x000000070c900000|  0%| F|  |TAMS 0x000000070c800000, 0x000000070c800000| Untracked 
| 109|0x000000070c900000, 0x000000070c900000, 0x000000070ca00000|  0%| F|  |TAMS 0x000000070c900000, 0x000000070c900000| Untracked 
| 110|0x000000070ca00000, 0x000000070ca00000, 0x000000070cb00000|  0%| F|  |TAMS 0x000000070ca00000, 0x000000070ca00000| Untracked 
| 111|0x000000070cb00000, 0x000000070cb00000, 0x000000070cc00000|  0%| F|  |TAMS 0x000000070cb00000, 0x000000070cb00000| Untracked 
| 112|0x000000070cc00000, 0x000000070cc00000, 0x000000070cd00000|  0%| F|  |TAMS 0x000000070cc00000, 0x000000070cc00000| Untracked 
| 113|0x000000070cd00000, 0x000000070cd00000, 0x000000070ce00000|  0%| F|  |TAMS 0x000000070cd00000, 0x000000070cd00000| Untracked 
| 114|0x000000070ce00000, 0x000000070ce00000, 0x000000070cf00000|  0%| F|  |TAMS 0x000000070ce00000, 0x000000070ce00000| Untracked 
| 115|0x000000070cf00000, 0x000000070cf00000, 0x000000070d000000|  0%| F|  |TAMS 0x000000070cf00000, 0x000000070cf00000| Untracked 
| 116|0x000000070d000000, 0x000000070d000000, 0x000000070d100000|  0%| F|  |TAMS 0x000000070d000000, 0x000000070d000000| Untracked 
| 117|0x000000070d100000, 0x000000070d100000, 0x000000070d200000|  0%| F|  |TAMS 0x000000070d100000, 0x000000070d100000| Untracked 
| 118|0x000000070d200000, 0x000000070d200000, 0x000000070d300000|  0%| F|  |TAMS 0x000000070d200000, 0x000000070d200000| Untracked 
| 119|0x000000070d300000, 0x000000070d300000, 0x000000070d400000|  0%| F|  |TAMS 0x000000070d300000, 0x000000070d300000| Untracked 
| 120|0x000000070d400000, 0x000000070d400000, 0x000000070d500000|  0%| F|  |TAMS 0x000000070d400000, 0x000000070d400000| Untracked 
| 121|0x000000070d500000, 0x000000070d500000, 0x000000070d600000|  0%| F|  |TAMS 0x000000070d500000, 0x000000070d500000| Untracked 
| 122|0x000000070d600000, 0x000000070d600000, 0x000000070d700000|  0%| F|  |TAMS 0x000000070d600000, 0x000000070d600000| Untracked 
| 123|0x000000070d700000, 0x000000070d700000, 0x000000070d800000|  0%| F|  |TAMS 0x000000070d700000, 0x000000070d700000| Untracked 
| 124|0x000000070d800000, 0x000000070d800000, 0x000000070d900000|  0%| F|  |TAMS 0x000000070d800000, 0x000000070d800000| Untracked 
| 125|0x000000070d900000, 0x000000070d900000, 0x000000070da00000|  0%| F|  |TAMS 0x000000070d900000, 0x000000070d900000| Untracked 
| 126|0x000000070da00000, 0x000000070da00000, 0x000000070db00000|  0%| F|  |TAMS 0x000000070da00000, 0x000000070da00000| Untracked 
| 127|0x000000070db00000, 0x000000070db00000, 0x000000070dc00000|  0%| F|  |TAMS 0x000000070db00000, 0x000000070db00000| Untracked 
| 128|0x000000070dc00000, 0x000000070dc00000, 0x000000070dd00000|  0%| F|  |TAMS 0x000000070dc00000, 0x000000070dc00000| Untracked 
| 129|0x000000070dd00000, 0x000000070dd00000, 0x000000070de00000|  0%| F|  |TAMS 0x000000070dd00000, 0x000000070dd00000| Untracked 
| 130|0x000000070de00000, 0x000000070de00000, 0x000000070df00000|  0%| F|  |TAMS 0x000000070de00000, 0x000000070de00000| Untracked 
| 131|0x000000070df00000, 0x000000070df00000, 0x000000070e000000|  0%| F|  |TAMS 0x000000070df00000, 0x000000070df00000| Untracked 
| 132|0x000000070e000000, 0x000000070e000000, 0x000000070e100000|  0%| F|  |TAMS 0x000000070e000000, 0x000000070e000000| Untracked 
| 133|0x000000070e100000, 0x000000070e100000, 0x000000070e200000|  0%| F|  |TAMS 0x000000070e100000, 0x000000070e100000| Untracked 
| 134|0x000000070e200000, 0x000000070e200000, 0x000000070e300000|  0%| F|  |TAMS 0x000000070e200000, 0x000000070e200000| Untracked 
| 135|0x000000070e300000, 0x000000070e300000, 0x000000070e400000|  0%| F|  |TAMS 0x000000070e300000, 0x000000070e300000| Untracked 
| 136|0x000000070e400000, 0x000000070e400000, 0x000000070e500000|  0%| F|  |TAMS 0x000000070e400000, 0x000000070e400000| Untracked 
| 137|0x000000070e500000, 0x000000070e500000, 0x000000070e600000|  0%| F|  |TAMS 0x000000070e500000, 0x000000070e500000| Untracked 
| 138|0x000000070e600000, 0x000000070e600000, 0x000000070e700000|  0%| F|  |TAMS 0x000000070e600000, 0x000000070e600000| Untracked 
| 139|0x000000070e700000, 0x000000070e700000, 0x000000070e800000|  0%| F|  |TAMS 0x000000070e700000, 0x000000070e700000| Untracked 
| 140|0x000000070e800000, 0x000000070e800000, 0x000000070e900000|  0%| F|  |TAMS 0x000000070e800000, 0x000000070e800000| Untracked 
| 141|0x000000070e900000, 0x000000070e900000, 0x000000070ea00000|  0%| F|  |TAMS 0x000000070e900000, 0x000000070e900000| Untracked 
| 142|0x000000070ea00000, 0x000000070ea00000, 0x000000070eb00000|  0%| F|  |TAMS 0x000000070ea00000, 0x000000070ea00000| Untracked 
| 143|0x000000070eb00000, 0x000000070eb00000, 0x000000070ec00000|  0%| F|  |TAMS 0x000000070eb00000, 0x000000070eb00000| Untracked 
| 144|0x000000070ec00000, 0x000000070ec00000, 0x000000070ed00000|  0%| F|  |TAMS 0x000000070ec00000, 0x000000070ec00000| Untracked 
| 145|0x000000070ed00000, 0x000000070ed00000, 0x000000070ee00000|  0%| F|  |TAMS 0x000000070ed00000, 0x000000070ed00000| Untracked 
| 146|0x000000070ee00000, 0x000000070ee00000, 0x000000070ef00000|  0%| F|  |TAMS 0x000000070ee00000, 0x000000070ee00000| Untracked 
| 147|0x000000070ef00000, 0x000000070ef00000, 0x000000070f000000|  0%| F|  |TAMS 0x000000070ef00000, 0x000000070ef00000| Untracked 
| 148|0x000000070f000000, 0x000000070f000000, 0x000000070f100000|  0%| F|  |TAMS 0x000000070f000000, 0x000000070f000000| Untracked 
| 149|0x000000070f100000, 0x000000070f100000, 0x000000070f200000|  0%| F|  |TAMS 0x000000070f100000, 0x000000070f100000| Untracked 
| 150|0x000000070f200000, 0x000000070f200000, 0x000000070f300000|  0%| F|  |TAMS 0x000000070f200000, 0x000000070f200000| Untracked 
| 151|0x000000070f300000, 0x000000070f300000, 0x000000070f400000|  0%| F|  |TAMS 0x000000070f300000, 0x000000070f300000| Untracked 
| 152|0x000000070f400000, 0x000000070f400000, 0x000000070f500000|  0%| F|  |TAMS 0x000000070f400000, 0x000000070f400000| Untracked 
| 153|0x000000070f500000, 0x000000070f500000, 0x000000070f600000|  0%| F|  |TAMS 0x000000070f500000, 0x000000070f500000| Untracked 
| 154|0x000000070f600000, 0x000000070f600000, 0x000000070f700000|  0%| F|  |TAMS 0x000000070f600000, 0x000000070f600000| Untracked 
| 155|0x000000070f700000, 0x000000070f700000, 0x000000070f800000|  0%| F|  |TAMS 0x000000070f700000, 0x000000070f700000| Untracked 
| 156|0x000000070f800000, 0x000000070f800000, 0x000000070f900000|  0%| F|  |TAMS 0x000000070f800000, 0x000000070f800000| Untracked 
| 157|0x000000070f900000, 0x000000070f900000, 0x000000070fa00000|  0%| F|  |TAMS 0x000000070f900000, 0x000000070f900000| Untracked 
| 158|0x000000070fa00000, 0x000000070fa00000, 0x000000070fb00000|  0%| F|  |TAMS 0x000000070fa00000, 0x000000070fa00000| Untracked 
| 159|0x000000070fb00000, 0x000000070fb00000, 0x000000070fc00000|  0%| F|  |TAMS 0x000000070fb00000, 0x000000070fb00000| Untracked 
| 160|0x000000070fc00000, 0x000000070fc00000, 0x000000070fd00000|  0%| F|  |TAMS 0x000000070fc00000, 0x000000070fc00000| Untracked 
| 161|0x000000070fd00000, 0x000000070fd00000, 0x000000070fe00000|  0%| F|  |TAMS 0x000000070fd00000, 0x000000070fd00000| Untracked 
| 162|0x000000070fe00000, 0x000000070fe00000, 0x000000070ff00000|  0%| F|  |TAMS 0x000000070fe00000, 0x000000070fe00000| Untracked 
| 163|0x000000070ff00000, 0x000000070ff00000, 0x0000000710000000|  0%| F|  |TAMS 0x000000070ff00000, 0x000000070ff00000| Untracked 
| 164|0x0000000710000000, 0x0000000710000000, 0x0000000710100000|  0%| F|  |TAMS 0x0000000710000000, 0x0000000710000000| Untracked 
| 165|0x0000000710100000, 0x0000000710100000, 0x0000000710200000|  0%| F|  |TAMS 0x0000000710100000, 0x0000000710100000| Untracked 
| 166|0x0000000710200000, 0x0000000710200000, 0x0000000710300000|  0%| F|  |TAMS 0x0000000710200000, 0x0000000710200000| Untracked 
| 167|0x0000000710300000, 0x0000000710300000, 0x0000000710400000|  0%| F|  |TAMS 0x0000000710300000, 0x0000000710300000| Untracked 
| 168|0x0000000710400000, 0x0000000710400000, 0x0000000710500000|  0%| F|  |TAMS 0x0000000710400000, 0x0000000710400000| Untracked 
| 169|0x0000000710500000, 0x0000000710500000, 0x0000000710600000|  0%| F|  |TAMS 0x0000000710500000, 0x0000000710500000| Untracked 
| 170|0x0000000710600000, 0x0000000710600000, 0x0000000710700000|  0%| F|  |TAMS 0x0000000710600000, 0x0000000710600000| Untracked 
| 171|0x0000000710700000, 0x0000000710700000, 0x0000000710800000|  0%| F|  |TAMS 0x0000000710700000, 0x0000000710700000| Untracked 
| 172|0x0000000710800000, 0x0000000710800000, 0x0000000710900000|  0%| F|  |TAMS 0x0000000710800000, 0x0000000710800000| Untracked 
| 173|0x0000000710900000, 0x0000000710900000, 0x0000000710a00000|  0%| F|  |TAMS 0x0000000710900000, 0x0000000710900000| Untracked 
| 174|0x0000000710a00000, 0x0000000710a00000, 0x0000000710b00000|  0%| F|  |TAMS 0x0000000710a00000, 0x0000000710a00000| Untracked 
| 175|0x0000000710b00000, 0x0000000710b00000, 0x0000000710c00000|  0%| F|  |TAMS 0x0000000710b00000, 0x0000000710b00000| Untracked 
| 176|0x0000000710c00000, 0x0000000710c00000, 0x0000000710d00000|  0%| F|  |TAMS 0x0000000710c00000, 0x0000000710c00000| Untracked 
| 177|0x0000000710d00000, 0x0000000710d00000, 0x0000000710e00000|  0%| F|  |TAMS 0x0000000710d00000, 0x0000000710d00000| Untracked 
| 178|0x0000000710e00000, 0x0000000710e00000, 0x0000000710f00000|  0%| F|  |TAMS 0x0000000710e00000, 0x0000000710e00000| Untracked 
| 179|0x0000000710f00000, 0x0000000710f00000, 0x0000000711000000|  0%| F|  |TAMS 0x0000000710f00000, 0x0000000710f00000| Untracked 
| 180|0x0000000711000000, 0x0000000711000000, 0x0000000711100000|  0%| F|  |TAMS 0x0000000711000000, 0x0000000711000000| Untracked 
| 181|0x0000000711100000, 0x0000000711100000, 0x0000000711200000|  0%| F|  |TAMS 0x0000000711100000, 0x0000000711100000| Untracked 
| 182|0x0000000711200000, 0x0000000711200000, 0x0000000711300000|  0%| F|  |TAMS 0x0000000711200000, 0x0000000711200000| Untracked 
| 183|0x0000000711300000, 0x0000000711300000, 0x0000000711400000|  0%| F|  |TAMS 0x0000000711300000, 0x0000000711300000| Untracked 
| 184|0x0000000711400000, 0x0000000711400000, 0x0000000711500000|  0%| F|  |TAMS 0x0000000711400000, 0x0000000711400000| Untracked 
| 185|0x0000000711500000, 0x0000000711500000, 0x0000000711600000|  0%| F|  |TAMS 0x0000000711500000, 0x0000000711500000| Untracked 
| 186|0x0000000711600000, 0x0000000711600000, 0x0000000711700000|  0%| F|  |TAMS 0x0000000711600000, 0x0000000711600000| Untracked 
| 187|0x0000000711700000, 0x0000000711700000, 0x0000000711800000|  0%| F|  |TAMS 0x0000000711700000, 0x0000000711700000| Untracked 
| 188|0x0000000711800000, 0x0000000711800000, 0x0000000711900000|  0%| F|  |TAMS 0x0000000711800000, 0x0000000711800000| Untracked 
| 189|0x0000000711900000, 0x0000000711900000, 0x0000000711a00000|  0%| F|  |TAMS 0x0000000711900000, 0x0000000711900000| Untracked 
| 190|0x0000000711a00000, 0x0000000711a00000, 0x0000000711b00000|  0%| F|  |TAMS 0x0000000711a00000, 0x0000000711a00000| Untracked 
| 191|0x0000000711b00000, 0x0000000711b00000, 0x0000000711c00000|  0%| F|  |TAMS 0x0000000711b00000, 0x0000000711b00000| Untracked 
| 192|0x0000000711c00000, 0x0000000711c00000, 0x0000000711d00000|  0%| F|  |TAMS 0x0000000711c00000, 0x0000000711c00000| Untracked 
| 193|0x0000000711d00000, 0x0000000711d00000, 0x0000000711e00000|  0%| F|  |TAMS 0x0000000711d00000, 0x0000000711d00000| Untracked 
| 194|0x0000000711e00000, 0x0000000711e00000, 0x0000000711f00000|  0%| F|  |TAMS 0x0000000711e00000, 0x0000000711e00000| Untracked 
| 195|0x0000000711f00000, 0x0000000711f00000, 0x0000000712000000|  0%| F|  |TAMS 0x0000000711f00000, 0x0000000711f00000| Untracked 
| 196|0x0000000712000000, 0x0000000712000000, 0x0000000712100000|  0%| F|  |TAMS 0x0000000712000000, 0x0000000712000000| Untracked 
| 197|0x0000000712100000, 0x0000000712100000, 0x0000000712200000|  0%| F|  |TAMS 0x0000000712100000, 0x0000000712100000| Untracked 
| 198|0x0000000712200000, 0x0000000712200000, 0x0000000712300000|  0%| F|  |TAMS 0x0000000712200000, 0x0000000712200000| Untracked 
| 199|0x0000000712300000, 0x0000000712300000, 0x0000000712400000|  0%| F|  |TAMS 0x0000000712300000, 0x0000000712300000| Untracked 
| 200|0x0000000712400000, 0x0000000712400000, 0x0000000712500000|  0%| F|  |TAMS 0x0000000712400000, 0x0000000712400000| Untracked 
| 201|0x0000000712500000, 0x0000000712500000, 0x0000000712600000|  0%| F|  |TAMS 0x0000000712500000, 0x0000000712500000| Untracked 
| 202|0x0000000712600000, 0x0000000712600000, 0x0000000712700000|  0%| F|  |TAMS 0x0000000712600000, 0x0000000712600000| Untracked 
| 203|0x0000000712700000, 0x0000000712700000, 0x0000000712800000|  0%| F|  |TAMS 0x0000000712700000, 0x0000000712700000| Untracked 
| 204|0x0000000712800000, 0x0000000712800000, 0x0000000712900000|  0%| F|  |TAMS 0x0000000712800000, 0x0000000712800000| Untracked 
| 205|0x0000000712900000, 0x0000000712900000, 0x0000000712a00000|  0%| F|  |TAMS 0x0000000712900000, 0x0000000712900000| Untracked 
| 206|0x0000000712a00000, 0x0000000712a00000, 0x0000000712b00000|  0%| F|  |TAMS 0x0000000712a00000, 0x0000000712a00000| Untracked 
| 207|0x0000000712b00000, 0x0000000712b00000, 0x0000000712c00000|  0%| F|  |TAMS 0x0000000712b00000, 0x0000000712b00000| Untracked 
| 208|0x0000000712c00000, 0x0000000712c00000, 0x0000000712d00000|  0%| F|  |TAMS 0x0000000712c00000, 0x0000000712c00000| Untracked 
| 209|0x0000000712d00000, 0x0000000712d00000, 0x0000000712e00000|  0%| F|  |TAMS 0x0000000712d00000, 0x0000000712d00000| Untracked 
| 210|0x0000000712e00000, 0x0000000712e00000, 0x0000000712f00000|  0%| F|  |TAMS 0x0000000712e00000, 0x0000000712e00000| Untracked 
| 211|0x0000000712f00000, 0x0000000712f00000, 0x0000000713000000|  0%| F|  |TAMS 0x0000000712f00000, 0x0000000712f00000| Untracked 
| 212|0x0000000713000000, 0x0000000713000000, 0x0000000713100000|  0%| F|  |TAMS 0x0000000713000000, 0x0000000713000000| Untracked 
| 213|0x0000000713100000, 0x0000000713100000, 0x0000000713200000|  0%| F|  |TAMS 0x0000000713100000, 0x0000000713100000| Untracked 
| 214|0x0000000713200000, 0x0000000713200000, 0x0000000713300000|  0%| F|  |TAMS 0x0000000713200000, 0x0000000713200000| Untracked 
| 215|0x0000000713300000, 0x0000000713300000, 0x0000000713400000|  0%| F|  |TAMS 0x0000000713300000, 0x0000000713300000| Untracked 
| 216|0x0000000713400000, 0x0000000713400000, 0x0000000713500000|  0%| F|  |TAMS 0x0000000713400000, 0x0000000713400000| Untracked 
| 217|0x0000000713500000, 0x0000000713500000, 0x0000000713600000|  0%| F|  |TAMS 0x0000000713500000, 0x0000000713500000| Untracked 
| 218|0x0000000713600000, 0x0000000713600000, 0x0000000713700000|  0%| F|  |TAMS 0x0000000713600000, 0x0000000713600000| Untracked 
| 219|0x0000000713700000, 0x0000000713700000, 0x0000000713800000|  0%| F|  |TAMS 0x0000000713700000, 0x0000000713700000| Untracked 
| 220|0x0000000713800000, 0x0000000713800000, 0x0000000713900000|  0%| F|  |TAMS 0x0000000713800000, 0x0000000713800000| Untracked 
| 221|0x0000000713900000, 0x0000000713900000, 0x0000000713a00000|  0%| F|  |TAMS 0x0000000713900000, 0x0000000713900000| Untracked 
| 222|0x0000000713a00000, 0x0000000713a00000, 0x0000000713b00000|  0%| F|  |TAMS 0x0000000713a00000, 0x0000000713a00000| Untracked 
| 223|0x0000000713b00000, 0x0000000713b00000, 0x0000000713c00000|  0%| F|  |TAMS 0x0000000713b00000, 0x0000000713b00000| Untracked 
| 224|0x0000000713c00000, 0x0000000713c00000, 0x0000000713d00000|  0%| F|  |TAMS 0x0000000713c00000, 0x0000000713c00000| Untracked 
| 225|0x0000000713d00000, 0x0000000713d00000, 0x0000000713e00000|  0%| F|  |TAMS 0x0000000713d00000, 0x0000000713d00000| Untracked 
| 226|0x0000000713e00000, 0x0000000713e00000, 0x0000000713f00000|  0%| F|  |TAMS 0x0000000713e00000, 0x0000000713e00000| Untracked 
| 227|0x0000000713f00000, 0x0000000713f00000, 0x0000000714000000|  0%| F|  |TAMS 0x0000000713f00000, 0x0000000713f00000| Untracked 
| 228|0x0000000714000000, 0x0000000714000000, 0x0000000714100000|  0%| F|  |TAMS 0x0000000714000000, 0x0000000714000000| Untracked 
| 229|0x0000000714100000, 0x0000000714100000, 0x0000000714200000|  0%| F|  |TAMS 0x0000000714100000, 0x0000000714100000| Untracked 
| 230|0x0000000714200000, 0x0000000714200000, 0x0000000714300000|  0%| F|  |TAMS 0x0000000714200000, 0x0000000714200000| Untracked 
| 231|0x0000000714300000, 0x0000000714300000, 0x0000000714400000|  0%| F|  |TAMS 0x0000000714300000, 0x0000000714300000| Untracked 
| 232|0x0000000714400000, 0x0000000714400000, 0x0000000714500000|  0%| F|  |TAMS 0x0000000714400000, 0x0000000714400000| Untracked 
| 233|0x0000000714500000, 0x0000000714500000, 0x0000000714600000|  0%| F|  |TAMS 0x0000000714500000, 0x0000000714500000| Untracked 
| 234|0x0000000714600000, 0x0000000714600000, 0x0000000714700000|  0%| F|  |TAMS 0x0000000714600000, 0x0000000714600000| Untracked 
| 235|0x0000000714700000, 0x0000000714700000, 0x0000000714800000|  0%| F|  |TAMS 0x0000000714700000, 0x0000000714700000| Untracked 
| 236|0x0000000714800000, 0x0000000714800000, 0x0000000714900000|  0%| F|  |TAMS 0x0000000714800000, 0x0000000714800000| Untracked 
| 237|0x0000000714900000, 0x0000000714900000, 0x0000000714a00000|  0%| F|  |TAMS 0x0000000714900000, 0x0000000714900000| Untracked 
| 238|0x0000000714a00000, 0x0000000714a00000, 0x0000000714b00000|  0%| F|  |TAMS 0x0000000714a00000, 0x0000000714a00000| Untracked 
| 239|0x0000000714b00000, 0x0000000714b00000, 0x0000000714c00000|  0%| F|  |TAMS 0x0000000714b00000, 0x0000000714b00000| Untracked 
| 240|0x0000000714c00000, 0x0000000714c00000, 0x0000000714d00000|  0%| F|  |TAMS 0x0000000714c00000, 0x0000000714c00000| Untracked 
| 241|0x0000000714d00000, 0x0000000714d00000, 0x0000000714e00000|  0%| F|  |TAMS 0x0000000714d00000, 0x0000000714d00000| Untracked 
| 242|0x0000000714e00000, 0x0000000714e00000, 0x0000000714f00000|  0%| F|  |TAMS 0x0000000714e00000, 0x0000000714e00000| Untracked 
| 243|0x0000000714f00000, 0x0000000714f00000, 0x0000000715000000|  0%| F|  |TAMS 0x0000000714f00000, 0x0000000714f00000| Untracked 
| 244|0x0000000715000000, 0x0000000715000000, 0x0000000715100000|  0%| F|  |TAMS 0x0000000715000000, 0x0000000715000000| Untracked 
| 245|0x0000000715100000, 0x0000000715192d28, 0x0000000715200000| 57%| S|CS|TAMS 0x0000000715100000, 0x0000000715100000| Complete 
| 246|0x0000000715200000, 0x0000000715200000, 0x0000000715300000|  0%| F|  |TAMS 0x0000000715200000, 0x0000000715200000| Untracked 
| 247|0x0000000715300000, 0x0000000715300000, 0x0000000715400000|  0%| F|  |TAMS 0x0000000715300000, 0x0000000715300000| Untracked 
| 248|0x0000000715400000, 0x0000000715400000, 0x0000000715500000|  0%| F|  |TAMS 0x0000000715400000, 0x0000000715400000| Untracked 
| 249|0x0000000715500000, 0x0000000715500000, 0x0000000715600000|  0%| F|  |TAMS 0x0000000715500000, 0x0000000715500000| Untracked 
| 250|0x0000000715600000, 0x0000000715680800, 0x0000000715700000| 50%| E|  |TAMS 0x0000000715600000, 0x0000000715600000| Complete 
| 251|0x0000000715700000, 0x0000000715800000, 0x0000000715800000|100%| E|CS|TAMS 0x0000000715700000, 0x0000000715700000| Complete 

Card table byte_map: [0x00007fa4f07ed000,0x00007fa4f0fbf000] _byte_map_base: 0x00007fa4ecfbf000

Marking Bits (Prev, Next): (CMBitMap*) 0x00007fa4ec08cc00, (CMBitMap*) 0x00007fa4ec08cbc8
 Prev Bits: [0x00007fa4c82e0000, 0x00007fa4cc170000)
 Next Bits: [0x00007fa4cc170000, 0x00007fa4d0000000)

Polling page: 0x00007fa4f64f5000

Metaspace:

Usage:
  Non-class:     18,64 MB capacity,    18,35 MB ( 98%) used,   244,45 KB (  1%) free+waste,    49,12 KB ( <1%) overhead. 
      Class:      2,53 MB capacity,     2,37 MB ( 93%) used,   146,78 KB (  6%) free+waste,    23,25 KB ( <1%) overhead. 
       Both:     21,17 MB capacity,    20,72 MB ( 98%) used,   391,23 KB (  2%) free+waste,    72,38 KB ( <1%) overhead. 

Virtual space:
  Non-class space:       20,00 MB reserved,      18,75 MB ( 94%) committed 
      Class space:        1,00 GB reserved,       2,62 MB ( <1%) committed 
             Both:        1,02 GB reserved,      21,38 MB (  2%) committed 

Chunk freelists:
   Non-Class:  4,88 KB
       Class:  0 bytes
        Both:  4,88 KB

CodeHeap 'non-profiled nmethods': size=119172Kb used=743Kb max_used=743Kb free=118429Kb
 bounds [0x00007fa4dc7e1000, 0x00007fa4dca51000, 0x00007fa4e3c42000]
CodeHeap 'profiled nmethods': size=119172Kb used=4016Kb max_used=4016Kb free=115155Kb
 bounds [0x00007fa4d5380000, 0x00007fa4d5770000, 0x00007fa4dc7e1000]
CodeHeap 'non-nmethods': size=7416Kb used=2298Kb max_used=2322Kb free=5118Kb
 bounds [0x00007fa4d4c42000, 0x00007fa4d4eb2000, 0x00007fa4d5380000]
 total_blobs=2741 nmethods=1940 adapters=342
 compilation: enabled
              stopped_count=0, restarted_count=0
 full_count=0

Compilation events (10 events):
Event: 1,193 Thread 0x00007fa49808f800 1855       3       java.lang.Class::createAnnotationData (195 bytes)
Event: 1,194 Thread 0x00007fa4ec2a4000 1857   !   3       com.intellij.rt.debugger.agent.CaptureAgent$CaptureTransformer::transform (194 bytes)
Event: 1,194 Thread 0x00007fa498091000 1856       3       sun.reflect.generics.parser.SignatureParser::parseTypeArguments (109 bytes)
Event: 1,194 Thread 0x00007fa49808f800 nmethod 1855 0x00007fa4d5736e90 code [0x00007fa4d5737220, 0x00007fa4d57388d8]
Event: 1,195 Thread 0x00007fa498091000 nmethod 1856 0x00007fa4d5739090 code [0x00007fa4d57393c0, 0x00007fa4d573a508]
Event: 1,205 Thread 0x00007fa49808f800 1859   !   3       java.lang.ref.ReferenceQueue::enqueue (119 bytes)
Event: 1,206 Thread 0x00007fa498091000 1861       3       java.lang.ref.ReferenceQueue::reallyPoll (65 bytes)
Event: 1,206 Thread 0x00007fa498091000 nmethod 1861 0x00007fa4d573ab90 code [0x00007fa4d573ad80, 0x00007fa4d573b310]
Event: 1,207 Thread 0x00007fa4ec2a4000 nmethod 1857 0x00007fa4d573b410 code [0x00007fa4d573b900, 0x00007fa4d573db88]
Event: 1,209 Thread 0x00007fa49808f800 nmethod 1859 0x00007fa4d573ee10 code [0x00007fa4d573f020, 0x00007fa4d573f8a8]

GC Heap History (4 events):
Event: 0,503 GC heap before
{Heap before GC invocations=0 (full 0):
 garbage-first heap   total 258048K, used 24576K [0x0000000705c00000, 0x0000000800000000)
  region size 1024K, 24 young (24576K), 0 survivors (0K)
 Metaspace       used 10500K, capacity 10710K, committed 10880K, reserved 1058816K
  class space    used 979K, capacity 1064K, committed 1152K, reserved 1048576K
}
Event: 0,508 GC heap after
{Heap after GC invocations=1 (full 0):
 garbage-first heap   total 258048K, used 7090K [0x0000000705c00000, 0x0000000800000000)
  region size 1024K, 3 young (3072K), 3 survivors (3072K)
 Metaspace       used 10500K, capacity 10710K, committed 10880K, reserved 1058816K
  class space    used 979K, capacity 1064K, committed 1152K, reserved 1048576K
}
Event: 1,195 GC heap before
{Heap before GC invocations=1 (full 0):
 garbage-first heap   total 258048K, used 69554K [0x0000000705c00000, 0x0000000800000000)
  region size 1024K, 65 young (66560K), 3 survivors (3072K)
 Metaspace       used 20575K, capacity 21013K, committed 21248K, reserved 1069056K
  class space    used 2309K, capacity 2452K, committed 2560K, reserved 1048576K
}
Event: 1,205 GC heap after
{Heap after GC invocations=2 (full 0):
 garbage-first heap   total 258048K, used 9673K [0x0000000705c00000, 0x0000000800000000)
  region size 1024K, 6 young (6144K), 6 survivors (6144K)
 Metaspace       used 20575K, capacity 21013K, committed 21248K, reserved 1069056K
  class space    used 2309K, capacity 2452K, committed 2560K, reserved 1048576K
}

Deoptimization events (10 events):
Event: 0,661 Thread 0x00007fa4ec016000 Uncommon trap: reason=bimorphic_or_optimized_type_check action=maybe_recompile pc=0x00007fa4dc822788 method=java.util.HashMap.putVal(ILjava/lang/Object;Ljava/lang/Object;ZZ)Ljava/lang/Object; @ 56 c2
Event: 0,667 Thread 0x00007fa4ec016000 Uncommon trap: reason=bimorphic_or_optimized_type_check action=maybe_recompile pc=0x00007fa4dc822788 method=java.util.HashMap.putVal(ILjava/lang/Object;Ljava/lang/Object;ZZ)Ljava/lang/Object; @ 56 c2
Event: 0,669 Thread 0x00007fa4ec016000 Uncommon trap: reason=bimorphic_or_optimized_type_check action=maybe_recompile pc=0x00007fa4dc822788 method=java.util.HashMap.putVal(ILjava/lang/Object;Ljava/lang/Object;ZZ)Ljava/lang/Object; @ 56 c2
Event: 0,715 Thread 0x00007fa4ec016000 Uncommon trap: reason=unstable_if action=reinterpret pc=0x00007fa4dc82fab4 method=sun.reflect.generics.parser.SignatureParser.current()C @ 39 c2
Event: 0,827 Thread 0x00007fa4ec016000 Uncommon trap: reason=unstable_if action=reinterpret pc=0x00007fa4dc84d90c method=java.util.concurrent.ConcurrentHashMap.putVal(Ljava/lang/Object;Ljava/lang/Object;Z)Ljava/lang/Object; @ 231 c2
Event: 1,003 Thread 0x00007fa4ecb9e000 Uncommon trap: reason=bimorphic_or_optimized_type_check action=maybe_recompile pc=0x00007fa4dc81b5ac method=java.util.HashMap.getNode(ILjava/lang/Object;)Ljava/util/HashMap$Node; @ 126 c2
Event: 1,084 Thread 0x00007fa4ec016000 Uncommon trap: reason=unstable_if action=reinterpret pc=0x00007fa4dc884b10 method=java.lang.String.indexOf([BBILjava/lang/String;I)I @ 21 c2
Event: 1,113 Thread 0x00007fa4ecb9e000 Uncommon trap: reason=unstable_if action=reinterpret pc=0x00007fa4dc858928 method=java.util.concurrent.ConcurrentHashMap.addCount(JI)V @ 168 c2
Event: 1,114 Thread 0x00007fa4ec016000 Uncommon trap: reason=unstable_if action=reinterpret pc=0x00007fa4dc858928 method=java.util.concurrent.ConcurrentHashMap.addCount(JI)V @ 168 c2
Event: 1,146 Thread 0x00007fa4ec016000 Uncommon trap: reason=unstable_if action=reinterpret pc=0x00007fa4dc8763c4 method=java.net.URL.<init>(Ljava/net/URL;Ljava/lang/String;Ljava/net/URLStreamHandler;)V @ 347 c2

Classes redefined (0 events):
No events

Internal exceptions (10 events):
Event: 0,943 Thread 0x00007fa4ec016000 Exception <a 'java/lang/NoSuchMethodError'{0x000000071303e748}: java.lang.invoke.DirectMethodHandle$Holder.invokeStatic(Ljava/lang/Object;Ljava/lang/Object;ILjava/lang/Object;)Ljava/lang/Object;> (0x000000071303e748) thrown at [/scratch/opt/mach5/mesos/wo
Event: 0,943 Thread 0x00007fa4ec016000 Exception <a 'java/lang/NoSuchMethodError'{0x00000007130454c0}: java.lang.invoke.Invokers$Holder.linkToTargetMethod(Ljava/lang/Object;ILjava/lang/Object;Ljava/lang/Object;)Ljava/lang/Object;> (0x00000007130454c0) thrown at [/scratch/opt/mach5/mesos/work_d
Event: 0,949 Thread 0x00007fa4ec016000 Exception <a 'java/lang/NoSuchMethodError'{0x0000000713066ed8}: java.lang.invoke.DirectMethodHandle$Holder.invokeSpecial(Ljava/lang/Object;Ljava/lang/Object;Ljava/lang/Object;Ljava/lang/Object;)I> (0x0000000713066ed8) thrown at [/scratch/opt/mach5/mesos/w
Event: 0,990 Thread 0x00007fa4ec016000 Exception <a 'java/lang/NoSuchMethodError'{0x0000000712ed6738}: java.lang.invoke.DirectMethodHandle$Holder.invokeSpecial(Ljava/lang/Object;Ljava/lang/Object;Ljava/lang/Object;Ljava/lang/Object;Ljava/lang/Object;Ljava/lang/Object;I)Ljava/lang/Object;> (0x0
Event: 0,992 Thread 0x00007fa4ec016000 Exception <a 'java/lang/NoSuchMethodError'{0x0000000712edfe70}: java.lang.invoke.DirectMethodHandle$Holder.invokeStatic(Ljava/lang/Object;Ljava/lang/Object;Ljava/lang/Object;Ljava/lang/Object;Ljava/lang/Object;Ljava/lang/Object;I)Ljava/lang/Object;> (0x00
Event: 0,992 Thread 0x00007fa4ec016000 Exception <a 'java/lang/NoSuchMethodError'{0x0000000712ee41a8}: java.lang.invoke.DirectMethodHandle$Holder.invokeSpecial(Ljava/lang/Object;Ljava/lang/Object;Ljava/lang/Object;Ljava/lang/Object;Ljava/lang/Object;Ljava/lang/Object;Ljava/lang/Object;I)Ljava/
Event: 0,995 Thread 0x00007fa4ec016000 Exception <a 'java/lang/NoSuchMethodError'{0x0000000712eefda0}: java.lang.invoke.DirectMethodHandle$Holder.invokeStatic(Ljava/lang/Object;Ljava/lang/Object;Ljava/lang/Object;Ljava/lang/Object;)V> (0x0000000712eefda0) thrown at [/scratch/opt/mach5/mesos/wo
Event: 1,031 Thread 0x00007fa4ec016000 Exception <a 'java/lang/NoSuchMethodError'{0x0000000712a50740}: java.lang.invoke.DirectMethodHandle$Holder.invokeStaticInit(Ljava/lang/Object;Ljava/lang/Object;)V> (0x0000000712a50740) thrown at [/scratch/opt/mach5/mesos/work_dir/slaves/2dd962d0-8988-479b
Event: 1,046 Thread 0x00007fa4ec016000 Exception <a 'java/lang/NoSuchMethodError'{0x00000007129ad200}: java.lang.invoke.DirectMethodHandle$Holder.invokeStaticInit(Ljava/lang/Object;Ljava/lang/Object;Ljava/lang/Object;)Ljava/lang/Object;> (0x00000007129ad200) thrown at [/scratch/opt/mach5/mesos
Event: 1,047 Thread 0x00007fa4ec016000 Exception <a 'java/lang/NoSuchMethodError'{0x00000007129b5958}: java.lang.invoke.DirectMethodHandle$Holder.invokeStatic(Ljava/lang/Object;Ljava/lang/Object;Ljava/lang/Object;Ljava/lang/Object;Ljava/lang/Object;Ljava/lang/Object;)V> (0x00000007129b5958) th

Events (10 events):
Event: 1,215 loading class org/hibernate/validator/internal/constraintvalidators/hv/pl/REGONValidator done
Event: 1,215 loading class org/hibernate/validator/internal/constraintvalidators/hv/pl/PolishNumberValidator
Event: 1,215 loading class org/hibernate/validator/internal/constraintvalidators/hv/pl/PolishNumberValidator done
Event: 1,215 loading class org/hibernate/validator/constraints/pl/NIP
Event: 1,215 loading class org/hibernate/validator/constraints/pl/NIP done
Event: 1,215 loading class org/hibernate/validator/internal/constraintvalidators/hv/pl/NIPValidator
Event: 1,215 loading class org/hibernate/validator/internal/constraintvalidators/hv/pl/NIPValidator done
Event: 1,216 loading class org/hibernate/validator/constraints/pl/PESEL
Event: 1,216 loading class org/hibernate/validator/constraints/pl/PESEL done
Event: 1,216 loading class org/hibernate/validator/internal/constraintvalidators/hv/pl/PESELValidator


Dynamic libraries:
00400000-00401000 r-xp 00000000 08:02 13635633                           /usr/lib/jvm/java-11-oracle/bin/java
00600000-00601000 r--p 00000000 08:02 13635633                           /usr/lib/jvm/java-11-oracle/bin/java
00601000-00602000 rw-p 00001000 08:02 13635633                           /usr/lib/jvm/java-11-oracle/bin/java
0132a000-0134b000 rw-p 00000000 00:00 0                                  [heap]
705c00000-715800000 rw-p 00000000 00:00 0 
715800000-800000000 ---p 00000000 00:00 0 
800000000-8002a0000 rw-p 00000000 00:00 0 
8002a0000-840000000 ---p 00000000 00:00 0 
7fa448000000-7fa448021000 rw-p 00000000 00:00 0 
7fa448021000-7fa44c000000 ---p 00000000 00:00 0 
7fa450000000-7fa45016a000 rw-p 00000000 00:00 0 
7fa45016a000-7fa454000000 ---p 00000000 00:00 0 
7fa454000000-7fa454021000 rw-p 00000000 00:00 0 
7fa454021000-7fa458000000 ---p 00000000 00:00 0 
7fa458000000-7fa458021000 rw-p 00000000 00:00 0 
7fa458021000-7fa45c000000 ---p 00000000 00:00 0 
7fa45c000000-7fa45c021000 rw-p 00000000 00:00 0 
7fa45c021000-7fa460000000 ---p 00000000 00:00 0 
7fa460000000-7fa460021000 rw-p 00000000 00:00 0 
7fa460021000-7fa464000000 ---p 00000000 00:00 0 
7fa464000000-7fa464021000 rw-p 00000000 00:00 0 
7fa464021000-7fa468000000 ---p 00000000 00:00 0 
7fa468000000-7fa468258000 rw-p 00000000 00:00 0 
7fa468258000-7fa46c000000 ---p 00000000 00:00 0 
7fa46c000000-7fa46c021000 rw-p 00000000 00:00 0 
7fa46c021000-7fa470000000 ---p 00000000 00:00 0 
7fa470000000-7fa470021000 rw-p 00000000 00:00 0 
7fa470021000-7fa474000000 ---p 00000000 00:00 0 
7fa474000000-7fa474021000 rw-p 00000000 00:00 0 
7fa474021000-7fa478000000 ---p 00000000 00:00 0 
7fa478000000-7fa478042000 rw-p 00000000 00:00 0 
7fa478042000-7fa47c000000 ---p 00000000 00:00 0 
7fa47c000000-7fa47c021000 rw-p 00000000 00:00 0 
7fa47c021000-7fa480000000 ---p 00000000 00:00 0 
7fa480000000-7fa48060e000 rw-p 00000000 00:00 0 
7fa48060e000-7fa484000000 ---p 00000000 00:00 0 
7fa484000000-7fa484030000 rw-p 00000000 00:00 0 
7fa484030000-7fa488000000 ---p 00000000 00:00 0 
7fa488000000-7fa488165000 rw-p 00000000 00:00 0 
7fa488165000-7fa48c000000 ---p 00000000 00:00 0 
7fa48d62d000-7fa48d9ae000 rw-p 00000000 00:00 0 
7fa48d9ae000-7fa48d9af000 ---p 00000000 00:00 0 
7fa48d9af000-7fa48dab0000 rw-p 00000000 00:00 0 
7fa48dab0000-7fa48dab1000 ---p 00000000 00:00 0 
7fa48dab1000-7fa48dc72000 rw-p 00000000 00:00 0 
7fa48dc72000-7fa48ddb2000 ---p 00000000 00:00 0 
7fa48ddb2000-7fa48ddb7000 r-xp 00000000 08:02 13636110                   /usr/lib/jvm/java-11-oracle/lib/libmanagement_ext.so
7fa48ddb7000-7fa48dfb6000 ---p 00005000 08:02 13636110                   /usr/lib/jvm/java-11-oracle/lib/libmanagement_ext.so
7fa48dfb6000-7fa48dfb7000 r--p 00004000 08:02 13636110                   /usr/lib/jvm/java-11-oracle/lib/libmanagement_ext.so
7fa48dfb7000-7fa48dfb8000 rw-p 00005000 08:02 13636110                   /usr/lib/jvm/java-11-oracle/lib/libmanagement_ext.so
7fa48dfb8000-7fa48dfbc000 r-xp 00000000 08:02 13636108                   /usr/lib/jvm/java-11-oracle/lib/libmanagement.so
7fa48dfbc000-7fa48e1bb000 ---p 00004000 08:02 13636108                   /usr/lib/jvm/java-11-oracle/lib/libmanagement.so
7fa48e1bb000-7fa48e1bc000 r--p 00003000 08:02 13636108                   /usr/lib/jvm/java-11-oracle/lib/libmanagement.so
7fa48e1bc000-7fa48e1bd000 rw-p 00004000 08:02 13636108                   /usr/lib/jvm/java-11-oracle/lib/libmanagement.so
7fa48e1bd000-7fa48e3bd000 rw-p 00000000 00:00 0 
7fa48e3bd000-7fa48e3c1000 ---p 00000000 00:00 0 
7fa48e3c1000-7fa48e6be000 rw-p 00000000 00:00 0 
7fa48e6be000-7fa48e8be000 rw-p 00000000 00:00 0 
7fa48e8be000-7fa48eabe000 rw-p 00000000 00:00 0 
7fa48eabe000-7fa48eabf000 ---p 00000000 00:00 0 
7fa48eabf000-7fa48ebc0000 rw-p 00000000 00:00 0 
7fa48ebc0000-7fa48ebc1000 ---p 00000000 00:00 0 
7fa48ebc1000-7fa48ecc2000 rw-p 00000000 00:00 0 
7fa48ecc2000-7fa48ecc3000 ---p 00000000 00:00 0 
7fa48ecc3000-7fa48edc4000 rw-p 00000000 00:00 0 
7fa48edc4000-7fa48edc5000 ---p 00000000 00:00 0 
7fa48edc5000-7fa48eec6000 rw-p 00000000 00:00 0 
7fa48eec6000-7fa48eec7000 ---p 00000000 00:00 0 
7fa48eec7000-7fa48f1c8000 rw-p 00000000 00:00 0 
7fa48f1c8000-7fa48f1cc000 ---p 00000000 00:00 0 
7fa48f1cc000-7fa48f2c9000 rw-p 00000000 00:00 0 
7fa48f2c9000-7fa48f2ca000 ---p 00000000 00:00 0 
7fa48f2ca000-7fa48f3cb000 rw-p 00000000 00:00 0 
7fa48f3cb000-7fa48f3cf000 ---p 00000000 00:00 0 
7fa48f3cf000-7fa48f4cc000 rw-p 00000000 00:00 0 
7fa48f4cc000-7fa48f4e2000 r-xp 00000000 08:02 13636113                   /usr/lib/jvm/java-11-oracle/lib/libnet.so
7fa48f4e2000-7fa48f6e2000 ---p 00016000 08:02 13636113                   /usr/lib/jvm/java-11-oracle/lib/libnet.so
7fa48f6e2000-7fa48f6e3000 r--p 00016000 08:02 13636113                   /usr/lib/jvm/java-11-oracle/lib/libnet.so
7fa48f6e3000-7fa48f6e4000 rw-p 00017000 08:02 13636113                   /usr/lib/jvm/java-11-oracle/lib/libnet.so
7fa48f6e4000-7fa48f6f4000 r-xp 00000000 08:02 13636119                   /usr/lib/jvm/java-11-oracle/lib/libnio.so
7fa48f6f4000-7fa48f8f3000 ---p 00010000 08:02 13636119                   /usr/lib/jvm/java-11-oracle/lib/libnio.so
7fa48f8f3000-7fa48f8f4000 r--p 0000f000 08:02 13636119                   /usr/lib/jvm/java-11-oracle/lib/libnio.so
7fa48f8f4000-7fa48f8f5000 rw-p 00010000 08:02 13636119                   /usr/lib/jvm/java-11-oracle/lib/libnio.so
7fa48f8f5000-7fa48f8f9000 ---p 00000000 00:00 0 
7fa48f8f9000-7fa48f9f6000 rw-p 00000000 00:00 0 
7fa48f9f6000-7fa48f9fa000 ---p 00000000 00:00 0 
7fa48f9fa000-7fa48faf7000 rw-p 00000000 00:00 0 
7fa48faf7000-7fa48fafb000 ---p 00000000 00:00 0 
7fa48fafb000-7fa48fbf8000 rw-p 00000000 00:00 0 
7fa48fbf8000-7fa48fbfc000 r-xp 00000000 08:02 13636092                   /usr/lib/jvm/java-11-oracle/lib/libdt_socket.so
7fa48fbfc000-7fa48fdfc000 ---p 00004000 08:02 13636092                   /usr/lib/jvm/java-11-oracle/lib/libdt_socket.so
7fa48fdfc000-7fa48fdfd000 r--p 00004000 08:02 13636092                   /usr/lib/jvm/java-11-oracle/lib/libdt_socket.so
7fa48fdfd000-7fa48fdfe000 rw-p 00005000 08:02 13636092                   /usr/lib/jvm/java-11-oracle/lib/libdt_socket.so
7fa48fdfe000-7fa48fe02000 ---p 00000000 00:00 0 
7fa48fe02000-7fa48feff000 rw-p 00000000 00:00 0 
7fa48feff000-7fa48ff03000 ---p 00000000 00:00 0 
7fa48ff03000-7fa490000000 rw-p 00000000 00:00 0 
7fa490000000-7fa490021000 rw-p 00000000 00:00 0 
7fa490021000-7fa494000000 ---p 00000000 00:00 0 
7fa494000000-7fa494173000 rw-p 00000000 00:00 0 
7fa494173000-7fa498000000 ---p 00000000 00:00 0 
7fa498000000-7fa498265000 rw-p 00000000 00:00 0 
7fa498265000-7fa49c000000 ---p 00000000 00:00 0 
7fa49c000000-7fa49c021000 rw-p 00000000 00:00 0 
7fa49c021000-7fa4a0000000 ---p 00000000 00:00 0 
7fa4a0000000-7fa4a0021000 rw-p 00000000 00:00 0 
7fa4a0021000-7fa4a4000000 ---p 00000000 00:00 0 
7fa4a4000000-7fa4a460d000 rw-p 00000000 00:00 0 
7fa4a460d000-7fa4a8000000 ---p 00000000 00:00 0 
7fa4a8000000-7fa4a8021000 rw-p 00000000 00:00 0 
7fa4a8021000-7fa4ac000000 ---p 00000000 00:00 0 
7fa4ac000000-7fa4ac021000 rw-p 00000000 00:00 0 
7fa4ac021000-7fa4b0000000 ---p 00000000 00:00 0 
7fa4b0000000-7fa4b0021000 rw-p 00000000 00:00 0 
7fa4b0021000-7fa4b4000000 ---p 00000000 00:00 0 
7fa4b4000000-7fa4b4021000 rw-p 00000000 00:00 0 
7fa4b4021000-7fa4b8000000 ---p 00000000 00:00 0 
7fa4b8000000-7fa4b8021000 rw-p 00000000 00:00 0 
7fa4b8021000-7fa4bc000000 ---p 00000000 00:00 0 
7fa4bc000000-7fa4bc021000 rw-p 00000000 00:00 0 
7fa4bc021000-7fa4c0000000 ---p 00000000 00:00 0 
7fa4c0020000-7fa4c0024000 ---p 00000000 00:00 0 
7fa4c0024000-7fa4c0121000 rw-p 00000000 00:00 0 
7fa4c0121000-7fa4c0125000 ---p 00000000 00:00 0 
7fa4c0125000-7fa4c0222000 rw-p 00000000 00:00 0 
7fa4c0222000-7fa4c0226000 ---p 00000000 00:00 0 
7fa4c0226000-7fa4c0323000 rw-p 00000000 00:00 0 
7fa4c0323000-7fa4c0327000 ---p 00000000 00:00 0 
7fa4c0327000-7fa4c0424000 rw-p 00000000 00:00 0 
7fa4c0424000-7fa4c0428000 ---p 00000000 00:00 0 
7fa4c0428000-7fa4c0525000 rw-p 00000000 00:00 0 
7fa4c0525000-7fa4c0529000 ---p 00000000 00:00 0 
7fa4c0529000-7fa4c0626000 rw-p 00000000 00:00 0 
7fa4c0626000-7fa4c0ff5000 r--p 00000000 08:02 13638350                   /usr/lib/locale/locale-archive
7fa4c0ff5000-7fa4c0ff9000 ---p 00000000 00:00 0 
7fa4c0ff9000-7fa4c10f6000 rw-p 00000000 00:00 0 
7fa4c10f6000-7fa4c10fa000 ---p 00000000 00:00 0 
7fa4c10fa000-7fa4c11f7000 rw-p 00000000 00:00 0 
7fa4c11f7000-7fa4c11f8000 ---p 00000000 00:00 0 
7fa4c11f8000-7fa4c1af9000 rw-p 00000000 00:00 0 
7fa4c1af9000-7fa4c1afa000 ---p 00000000 00:00 0 
7fa4c1afa000-7fa4c1bfb000 rw-p 00000000 00:00 0 
7fa4c1bfb000-7fa4c1bfc000 ---p 00000000 00:00 0 
7fa4c1bfc000-7fa4c4000000 rw-p 00000000 00:00 0 
7fa4c4000000-7fa4c4021000 rw-p 00000000 00:00 0 
7fa4c4021000-7fa4c8000000 ---p 00000000 00:00 0 
7fa4c80de000-7fa4c86d0000 rw-p 00000000 00:00 0 
7fa4c86d0000-7fa4cc170000 ---p 00000000 00:00 0 
7fa4cc170000-7fa4cc560000 rw-p 00000000 00:00 0 
7fa4cc560000-7fa4d0000000 ---p 00000000 00:00 0 
7fa4d0000000-7fa4d0021000 rw-p 00000000 00:00 0 
7fa4d0021000-7fa4d4000000 ---p 00000000 00:00 0 
7fa4d4035000-7fa4d48be000 rw-p 00000000 00:00 0 
7fa4d48be000-7fa4d48bf000 ---p 00000000 00:00 0 
7fa4d48bf000-7fa4d49c0000 rw-p 00000000 00:00 0 
7fa4d49c0000-7fa4d49c1000 ---p 00000000 00:00 0 
7fa4d49c1000-7fa4d4c42000 rw-p 00000000 00:00 0 
7fa4d4c42000-7fa4d4eb2000 rwxp 00000000 00:00 0 
7fa4d4eb2000-7fa4d5380000 ---p 00000000 00:00 0 
7fa4d5380000-7fa4d5770000 rwxp 00000000 00:00 0 
7fa4d5770000-7fa4dc7e1000 ---p 00000000 00:00 0 
7fa4dc7e1000-7fa4dca51000 rwxp 00000000 00:00 0 
7fa4dca51000-7fa4e3c42000 ---p 00000000 00:00 0 
7fa4e3c42000-7fa4ec000000 r--s 00000000 08:02 13636129                   /usr/lib/jvm/java-11-oracle/lib/modules
7fa4ec000000-7fa4eccf2000 rw-p 00000000 00:00 0 
7fa4eccf2000-7fa4f0000000 ---p 00000000 00:00 0 
7fa4f001b000-7fa4f0099000 rw-p 00000000 00:00 0 
7fa4f0099000-7fa4f07ed000 ---p 00000000 00:00 0 
7fa4f07ed000-7fa4f086b000 rw-p 00000000 00:00 0 
7fa4f086b000-7fa4f0fbf000 ---p 00000000 00:00 0 
7fa4f0fbf000-7fa4f103d000 rw-p 00000000 00:00 0 
7fa4f103d000-7fa4f1791000 ---p 00000000 00:00 0 
7fa4f1791000-7fa4f249e000 rw-p 00000000 00:00 0 
7fa4f249e000-7fa4f249f000 ---p 00000000 00:00 0 
7fa4f249f000-7fa4f25a5000 rw-p 00000000 00:00 0 
7fa4f25a5000-7fa4f2689000 ---p 00000000 00:00 0 
7fa4f2689000-7fa4f2691000 rw-p 00000000 00:00 0 
7fa4f2691000-7fa4f2772000 ---p 00000000 00:00 0 
7fa4f2772000-7fa4f278d000 r-xp 00000000 08:02 13636104                   /usr/lib/jvm/java-11-oracle/lib/libjimage.so
7fa4f278d000-7fa4f298c000 ---p 0001b000 08:02 13636104                   /usr/lib/jvm/java-11-oracle/lib/libjimage.so
7fa4f298c000-7fa4f298e000 r--p 0001a000 08:02 13636104                   /usr/lib/jvm/java-11-oracle/lib/libjimage.so
7fa4f298e000-7fa4f298f000 rw-p 0001c000 08:02 13636104                   /usr/lib/jvm/java-11-oracle/lib/libjimage.so
7fa4f298f000-7fa4f2996000 r-xp 00000000 08:02 13636128                   /usr/lib/jvm/java-11-oracle/lib/libzip.so
7fa4f2996000-7fa4f2b95000 ---p 00007000 08:02 13636128                   /usr/lib/jvm/java-11-oracle/lib/libzip.so
7fa4f2b95000-7fa4f2b96000 r--p 00006000 08:02 13636128                   /usr/lib/jvm/java-11-oracle/lib/libzip.so
7fa4f2b96000-7fa4f2b97000 rw-p 00007000 08:02 13636128                   /usr/lib/jvm/java-11-oracle/lib/libzip.so
7fa4f2b97000-7fa4f2ba2000 r-xp 00000000 08:02 1315633                    /lib/x86_64-linux-gnu/libnss_files-2.27.so
7fa4f2ba2000-7fa4f2da1000 ---p 0000b000 08:02 1315633                    /lib/x86_64-linux-gnu/libnss_files-2.27.so
7fa4f2da1000-7fa4f2da2000 r--p 0000a000 08:02 1315633                    /lib/x86_64-linux-gnu/libnss_files-2.27.so
7fa4f2da2000-7fa4f2da3000 rw-p 0000b000 08:02 1315633                    /lib/x86_64-linux-gnu/libnss_files-2.27.so
7fa4f2da3000-7fa4f2da9000 rw-p 00000000 00:00 0 
7fa4f2da9000-7fa4f2dc0000 r-xp 00000000 08:02 1315627                    /lib/x86_64-linux-gnu/libnsl-2.27.so
7fa4f2dc0000-7fa4f2fbf000 ---p 00017000 08:02 1315627                    /lib/x86_64-linux-gnu/libnsl-2.27.so
7fa4f2fbf000-7fa4f2fc0000 r--p 00016000 08:02 1315627                    /lib/x86_64-linux-gnu/libnsl-2.27.so
7fa4f2fc0000-7fa4f2fc1000 rw-p 00017000 08:02 1315627                    /lib/x86_64-linux-gnu/libnsl-2.27.so
7fa4f2fc1000-7fa4f2fc3000 rw-p 00000000 00:00 0 
7fa4f2fc3000-7fa4f2fce000 r-xp 00000000 08:02 1315644                    /lib/x86_64-linux-gnu/libnss_nis-2.27.so
7fa4f2fce000-7fa4f31cd000 ---p 0000b000 08:02 1315644                    /lib/x86_64-linux-gnu/libnss_nis-2.27.so
7fa4f31cd000-7fa4f31ce000 r--p 0000a000 08:02 1315644                    /lib/x86_64-linux-gnu/libnss_nis-2.27.so
7fa4f31ce000-7fa4f31cf000 rw-p 0000b000 08:02 1315644                    /lib/x86_64-linux-gnu/libnss_nis-2.27.so
7fa4f31cf000-7fa4f31d7000 r-xp 00000000 08:02 1315629                    /lib/x86_64-linux-gnu/libnss_compat-2.27.so
7fa4f31d7000-7fa4f33d7000 ---p 00008000 08:02 1315629                    /lib/x86_64-linux-gnu/libnss_compat-2.27.so
7fa4f33d7000-7fa4f33d8000 r--p 00008000 08:02 1315629                    /lib/x86_64-linux-gnu/libnss_compat-2.27.so
7fa4f33d8000-7fa4f33d9000 rw-p 00009000 08:02 1315629                    /lib/x86_64-linux-gnu/libnss_compat-2.27.so
7fa4f33d9000-7fa4f33e3000 r-xp 00000000 08:02 13636095                   /usr/lib/jvm/java-11-oracle/lib/libinstrument.so
7fa4f33e3000-7fa4f35e2000 ---p 0000a000 08:02 13636095                   /usr/lib/jvm/java-11-oracle/lib/libinstrument.so
7fa4f35e2000-7fa4f35e3000 r--p 00009000 08:02 13636095                   /usr/lib/jvm/java-11-oracle/lib/libinstrument.so
7fa4f35e3000-7fa4f35e4000 rw-p 0000a000 08:02 13636095                   /usr/lib/jvm/java-11-oracle/lib/libinstrument.so
7fa4f35e4000-7fa4f361f000 r-xp 00000000 08:02 13636103                   /usr/lib/jvm/java-11-oracle/lib/libjdwp.so
7fa4f361f000-7fa4f381e000 ---p 0003b000 08:02 13636103                   /usr/lib/jvm/java-11-oracle/lib/libjdwp.so
7fa4f381e000-7fa4f381f000 r--p 0003a000 08:02 13636103                   /usr/lib/jvm/java-11-oracle/lib/libjdwp.so
7fa4f381f000-7fa4f3820000 rw-p 0003b000 08:02 13636103                   /usr/lib/jvm/java-11-oracle/lib/libjdwp.so
7fa4f3820000-7fa4f3849000 r-xp 00000000 08:02 13636100                   /usr/lib/jvm/java-11-oracle/lib/libjava.so
7fa4f3849000-7fa4f3a49000 ---p 00029000 08:02 13636100                   /usr/lib/jvm/java-11-oracle/lib/libjava.so
7fa4f3a49000-7fa4f3a4a000 r--p 00029000 08:02 13636100                   /usr/lib/jvm/java-11-oracle/lib/libjava.so
7fa4f3a4a000-7fa4f3a4c000 rw-p 0002a000 08:02 13636100                   /usr/lib/jvm/java-11-oracle/lib/libjava.so
7fa4f3a4c000-7fa4f3a59000 r-xp 00000000 08:02 13636127                   /usr/lib/jvm/java-11-oracle/lib/libverify.so
7fa4f3a59000-7fa4f3c58000 ---p 0000d000 08:02 13636127                   /usr/lib/jvm/java-11-oracle/lib/libverify.so
7fa4f3c58000-7fa4f3c5a000 r--p 0000c000 08:02 13636127                   /usr/lib/jvm/java-11-oracle/lib/libverify.so
7fa4f3c5a000-7fa4f3c5b000 rw-p 0000e000 08:02 13636127                   /usr/lib/jvm/java-11-oracle/lib/libverify.so
7fa4f3c5b000-7fa4f3c62000 r-xp 00000000 08:02 1315684                    /lib/x86_64-linux-gnu/librt-2.27.so
7fa4f3c62000-7fa4f3e61000 ---p 00007000 08:02 1315684                    /lib/x86_64-linux-gnu/librt-2.27.so
7fa4f3e61000-7fa4f3e62000 r--p 00006000 08:02 1315684                    /lib/x86_64-linux-gnu/librt-2.27.so
7fa4f3e62000-7fa4f3e63000 rw-p 00007000 08:02 1315684                    /lib/x86_64-linux-gnu/librt-2.27.so
7fa4f3e63000-7fa4f4000000 r-xp 00000000 08:02 1315606                    /lib/x86_64-linux-gnu/libm-2.27.so
7fa4f4000000-7fa4f41ff000 ---p 0019d000 08:02 1315606                    /lib/x86_64-linux-gnu/libm-2.27.so
7fa4f41ff000-7fa4f4200000 r--p 0019c000 08:02 1315606                    /lib/x86_64-linux-gnu/libm-2.27.so
7fa4f4200000-7fa4f4201000 rw-p 0019d000 08:02 1315606                    /lib/x86_64-linux-gnu/libm-2.27.so
7fa4f4201000-7fa4f5340000 r-xp 00000000 08:02 13636140                   /usr/lib/jvm/java-11-oracle/lib/server/libjvm.so
7fa4f5340000-7fa4f5540000 ---p 0113f000 08:02 13636140                   /usr/lib/jvm/java-11-oracle/lib/server/libjvm.so
7fa4f5540000-7fa4f55ff000 r--p 0113f000 08:02 13636140                   /usr/lib/jvm/java-11-oracle/lib/server/libjvm.so
7fa4f55ff000-7fa4f5638000 rw-p 011fe000 08:02 13636140                   /usr/lib/jvm/java-11-oracle/lib/server/libjvm.so
7fa4f5638000-7fa4f568e000 rw-p 00000000 00:00 0 
7fa4f568e000-7fa4f5875000 r-xp 00000000 08:02 1315543                    /lib/x86_64-linux-gnu/libc-2.27.so
7fa4f5875000-7fa4f5a75000 ---p 001e7000 08:02 1315543                    /lib/x86_64-linux-gnu/libc-2.27.so
7fa4f5a75000-7fa4f5a79000 r--p 001e7000 08:02 1315543                    /lib/x86_64-linux-gnu/libc-2.27.so
7fa4f5a79000-7fa4f5a7b000 rw-p 001eb000 08:02 1315543                    /lib/x86_64-linux-gnu/libc-2.27.so
7fa4f5a7b000-7fa4f5a7f000 rw-p 00000000 00:00 0 
7fa4f5a7f000-7fa4f5a82000 r-xp 00000000 08:02 1315566                    /lib/x86_64-linux-gnu/libdl-2.27.so
7fa4f5a82000-7fa4f5c81000 ---p 00003000 08:02 1315566                    /lib/x86_64-linux-gnu/libdl-2.27.so
7fa4f5c81000-7fa4f5c82000 r--p 00002000 08:02 1315566                    /lib/x86_64-linux-gnu/libdl-2.27.so
7fa4f5c82000-7fa4f5c83000 rw-p 00003000 08:02 1315566                    /lib/x86_64-linux-gnu/libdl-2.27.so
7fa4f5c83000-7fa4f5c93000 r-xp 00000000 08:02 13636085                   /usr/lib/jvm/java-11-oracle/lib/jli/libjli.so
7fa4f5c93000-7fa4f5e92000 ---p 00010000 08:02 13636085                   /usr/lib/jvm/java-11-oracle/lib/jli/libjli.so
7fa4f5e92000-7fa4f5e93000 r--p 0000f000 08:02 13636085                   /usr/lib/jvm/java-11-oracle/lib/jli/libjli.so
7fa4f5e93000-7fa4f5e94000 rw-p 00010000 08:02 13636085                   /usr/lib/jvm/java-11-oracle/lib/jli/libjli.so
7fa4f5e94000-7fa4f5eae000 r-xp 00000000 08:02 1315676                    /lib/x86_64-linux-gnu/libpthread-2.27.so
7fa4f5eae000-7fa4f60ad000 ---p 0001a000 08:02 1315676                    /lib/x86_64-linux-gnu/libpthread-2.27.so
7fa4f60ad000-7fa4f60ae000 r--p 00019000 08:02 1315676                    /lib/x86_64-linux-gnu/libpthread-2.27.so
7fa4f60ae000-7fa4f60af000 rw-p 0001a000 08:02 1315676                    /lib/x86_64-linux-gnu/libpthread-2.27.so
7fa4f60af000-7fa4f60b3000 rw-p 00000000 00:00 0 
7fa4f60b3000-7fa4f60cf000 r-xp 00000000 08:02 1315715                    /lib/x86_64-linux-gnu/libz.so.1.2.11
7fa4f60cf000-7fa4f62ce000 ---p 0001c000 08:02 1315715                    /lib/x86_64-linux-gnu/libz.so.1.2.11
7fa4f62ce000-7fa4f62cf000 r--p 0001b000 08:02 1315715                    /lib/x86_64-linux-gnu/libz.so.1.2.11
7fa4f62cf000-7fa4f62d0000 rw-p 0001c000 08:02 1315715                    /lib/x86_64-linux-gnu/libz.so.1.2.11
7fa4f62d0000-7fa4f62f7000 r-xp 00000000 08:02 1315515                    /lib/x86_64-linux-gnu/ld-2.27.so
7fa4f634e000-7fa4f6374000 r--p 00000000 08:02 663739                     /usr/share/locale-langpack/pt_BR/LC_MESSAGES/libc.mo
7fa4f6374000-7fa4f6376000 r--s 00001000 08:02 3936436                    /opt/ide/idea-IU-191.6707.61/lib/rt/debugger-agent-storage.jar
7fa4f6376000-7fa4f63d1000 rw-p 00000000 00:00 0 
7fa4f63d1000-7fa4f63d5000 ---p 00000000 00:00 0 
7fa4f63d5000-7fa4f64d6000 rw-p 00000000 00:00 0 
7fa4f64d7000-7fa4f64de000 r--s 00000000 08:02 13896485                   /usr/lib/x86_64-linux-gnu/gconv/gconv-modules.cache
7fa4f64de000-7fa4f64e3000 rw-p 00000000 00:00 0 
7fa4f64e3000-7fa4f64ed000 ---p 00000000 00:00 0 
7fa4f64ed000-7fa4f64f5000 rw-s 00000000 08:02 6960656                    /tmp/hsperfdata_dazo/2941
7fa4f64f5000-7fa4f64f6000 ---p 00000000 00:00 0 
7fa4f64f6000-7fa4f64f7000 r--p 00000000 00:00 0 
7fa4f64f7000-7fa4f64f8000 r--p 00027000 08:02 1315515                    /lib/x86_64-linux-gnu/ld-2.27.so
7fa4f64f8000-7fa4f64f9000 rw-p 00028000 08:02 1315515                    /lib/x86_64-linux-gnu/ld-2.27.so
7fa4f64f9000-7fa4f64fa000 rw-p 00000000 00:00 0 
7ffe07930000-7ffe07953000 rw-p 00000000 00:00 0                          [stack]
7ffe079d9000-7ffe079dc000 r--p 00000000 00:00 0                          [vvar]
7ffe079dc000-7ffe079dd000 r-xp 00000000 00:00 0                          [vdso]
ffffffffff600000-ffffffffff601000 --xp 00000000 00:00 0                  [vsyscall]


VM Arguments:
jvm_args: -agentlib:jdwp=transport=dt_socket,address=127.0.0.1:44985,suspend=y,server=n -ea -Didea.test.cyclic.buffer.size=1048576 -javaagent:/opt/ide/idea-IU-191.6707.61/lib/rt/debugger-agent.jar -Dfile.encoding=UTF-8 
java_command: com.intellij.rt.execution.junit.JUnitStarter -ideVersion5 -junit4 br.com.exemplo.pessoa.PessoaControllerTest,listar
java_class_path (initial): /opt/ide/idea-IU-191.6707.61/lib/idea_rt.jar:/opt/ide/idea-IU-191.6707.61/plugins/junit/lib/junit-rt.jar:/opt/ide/idea-IU-191.6707.61/plugins/junit/lib/junit5-rt.jar:/opt/pessoal/cadastroPessoa/backendSpring/target/test-classes:/opt/pessoal/cadastroPessoa/backendSpring/target/classes:/home/dazo/.m2/repository/org/springframework/boot/spring-boot-starter-data-jpa/2.2.5.RELEASE/spring-boot-starter-data-jpa-2.2.5.RELEASE.jar:/home/dazo/.m2/repository/org/springframework/boot/spring-boot-starter-aop/2.2.5.RELEASE/spring-boot-starter-aop-2.2.5.RELEASE.jar:/home/dazo/.m2/repository/org/springframework/spring-aop/5.2.4.RELEASE/spring-aop-5.2.4.RELEASE.jar:/home/dazo/.m2/repository/org/aspectj/aspectjweaver/1.9.5/aspectjweaver-1.9.5.jar:/home/dazo/.m2/repository/org/springframework/boot/spring-boot-starter-jdbc/2.2.5.RELEASE/spring-boot-starter-jdbc-2.2.5.RELEASE.jar:/home/dazo/.m2/repository/com/zaxxer/HikariCP/3.4.2/HikariCP-3.4.2.jar:/home/dazo/.m2/repository/org/springframework/spring-jdbc/5.2.4.RELEASE/spring-jdbc-5.2.4.RELEASE.jar:/home/dazo/.m2/repository/jakarta/activation/jakarta.activation-api/1.2.2/jakarta.activation-api-1.2.2.jar:/home/dazo/.m2/repository/jakarta/persistence/jakarta.persistence-api/2.2.3/jakarta.persistence-api-2.2.3.jar:/home/dazo/.m2/repository/jakarta/transaction/jakarta.transaction-api/1.3.3/jakarta.transaction-api-1.3.3.jar:/home/dazo/.m2/repository/org/hibernate/hibernate-core/5.4.12.Final/hibernate-core-5.4.12.Final.jar:/home/dazo/.m2/repository/org/jboss/logging/jboss-logging/3.4.1.Final/jboss-logging-3.4.1.Final.jar:/home/dazo/.m2/repository/org/javassist/javassist/3.24.0-GA/javassist-3.24.0-GA.jar:/home/dazo/.m2/repository/net/bytebuddy/byte-buddy/1.10.8/byte-buddy-1.10.8.jar:/home/dazo/.m2/repository/antlr/antlr/2.7.7/antlr-2.7.7.jar:/home/dazo/.m2/repository/org/jboss/jandex/2.1.1.Final/jandex-2.1.1.Final.jar:/home/dazo/.m2/repository/com/fasterxml/classmate/1.5.1/classmate-1.5.1.jar:/home/dazo/.m2/reposi
Launcher Type: SUN_STANDARD

[Global flags]
     intx CICompilerCount                          = 12                                        {product} {ergonomic}
     uint ConcGCThreads                            = 3                                         {product} {ergonomic}
     uint G1ConcRefinementThreads                  = 13                                        {product} {ergonomic}
   size_t G1HeapRegionSize                         = 1048576                                   {product} {ergonomic}
    uintx GCDrainStackTargetSize                   = 64                                        {product} {ergonomic}
   size_t InitialHeapSize                          = 264241152                                 {product} {ergonomic}
   size_t MarkStackSize                            = 4194304                                   {product} {ergonomic}
   size_t MaxHeapSize                              = 4198498304                                {product} {ergonomic}
   size_t MaxNewSize                               = 2518679552                                {product} {ergonomic}
   size_t MinHeapDeltaBytes                        = 1048576                                   {product} {ergonomic}
    uintx NonNMethodCodeHeapSize                   = 7591728                                {pd product} {ergonomic}
    uintx NonProfiledCodeHeapSize                  = 122033256                              {pd product} {ergonomic}
    uintx ProfiledCodeHeapSize                     = 122033256                              {pd product} {ergonomic}
    uintx ReservedCodeCacheSize                    = 251658240                              {pd product} {ergonomic}
     bool SegmentedCodeCache                       = true                                      {product} {ergonomic}
     bool UseCompressedClassPointers               = true                                 {lp64_product} {ergonomic}
     bool UseCompressedOops                        = true                                 {lp64_product} {ergonomic}
     bool UseG1GC                                  = true                                      {product} {ergonomic}

Logging:
Log output configuration:
 #0: stdout all=warning uptime,level,tags
 #1: stderr all=off uptime,level,tags

Environment Variables:
JAVA_HOME=/usr/lib/jvm/java-8-openjdk-amd64
PATH=/usr/local/sbin:/usr/local/bin:/usr/sbin:/usr/bin:/sbin:/bin:/usr/games:/usr/local/games:/opt/pessoal/Android/Sdk:/snap/bin:/usr/lib/jvm/java-8-openjdk-amd64/bin:/usr/lib/jvm/java-8-openjdk-amd64/db/bin:/opt/pessoal/Android/Sdk/tools:/opt/pessoal/Android/Sdk/platform-tools
USERNAME=dazo
SHELL=/usr/bin/zsh
DISPLAY=:0

Signal Handlers:
SIGSEGV: [libjvm.so+0xe2adf0], sa_mask[0]=11111111011111111101111111111110, sa_flags=SA_RESTART|SA_SIGINFO
SIGBUS: [libjvm.so+0xe2adf0], sa_mask[0]=11111111011111111101111111111110, sa_flags=SA_RESTART|SA_SIGINFO
SIGFPE: [libjvm.so+0xe2adf0], sa_mask[0]=11111111011111111101111111111110, sa_flags=SA_RESTART|SA_SIGINFO
SIGPIPE: [libjvm.so+0xbff5b0], sa_mask[0]=11111111011111111101111111111110, sa_flags=SA_RESTART|SA_SIGINFO
SIGXFSZ: [libjvm.so+0xbff5b0], sa_mask[0]=11111111011111111101111111111110, sa_flags=SA_RESTART|SA_SIGINFO
SIGILL: [libjvm.so+0xe2adf0], sa_mask[0]=11111111011111111101111111111110, sa_flags=SA_RESTART|SA_SIGINFO
SIGUSR2: [libjvm.so+0xbff450], sa_mask[0]=00100000000000000000000000000000, sa_flags=SA_RESTART|SA_SIGINFO
SIGHUP: [libjvm.so+0xbff7b0], sa_mask[0]=11111111011111111101111111111110, sa_flags=SA_RESTART|SA_SIGINFO
SIGINT: [libjvm.so+0xbff7b0], sa_mask[0]=11111111011111111101111111111110, sa_flags=SA_RESTART|SA_SIGINFO
SIGTERM: [libjvm.so+0xbff7b0], sa_mask[0]=11111111011111111101111111111110, sa_flags=SA_RESTART|SA_SIGINFO
SIGQUIT: [libjvm.so+0xbff7b0], sa_mask[0]=11111111011111111101111111111110, sa_flags=SA_RESTART|SA_SIGINFO


---------------  S Y S T E M  ---------------

OS:DISTRIB_ID=Ubuntu
DISTRIB_RELEASE=18.04
DISTRIB_CODENAME=bionic
DISTRIB_DESCRIPTION="Ubuntu 18.04.4 LTS"
uname:Linux 5.3.0-40-generic #32~18.04.1-Ubuntu SMP Mon Feb 3 14:05:59 UTC 2020 x86_64
libc:glibc 2.27 NPTL 2.27 
rlimit: STACK 8192k, CORE 0k, NPROC 63587, NOFILE 1048576, AS infinity, DATA infinity, FSIZE infinity
load average:0,98 0,92 0,84

/proc/meminfo:
MemTotal:       16392996 kB
MemFree:         2916916 kB
MemAvailable:    8153256 kB
Buffers:          781692 kB
Cached:          4666360 kB
SwapCached:            0 kB
Active:          9300784 kB
Inactive:        3063800 kB
Active(anon):    6814844 kB
Inactive(anon):   434416 kB
Active(file):    2485940 kB
Inactive(file):  2629384 kB
Unevictable:         208 kB
Mlocked:             208 kB
SwapTotal:       2097148 kB
SwapFree:        2097148 kB
Dirty:             58524 kB
Writeback:             0 kB
AnonPages:       6916664 kB
Mapped:          1102136 kB
Shmem:            453392 kB
KReclaimable:     457008 kB
Slab:             736820 kB
SReclaimable:     457008 kB
SUnreclaim:       279812 kB
KernelStack:       26400 kB
PageTables:       107140 kB
NFS_Unstable:          0 kB
Bounce:                0 kB
WritebackTmp:          0 kB
CommitLimit:    10293644 kB
Committed_AS:   20566160 kB
VmallocTotal:   34359738367 kB
VmallocUsed:       58588 kB
VmallocChunk:          0 kB
Percpu:            16192 kB
HardwareCorrupted:     0 kB
AnonHugePages:         0 kB
ShmemHugePages:        0 kB
ShmemPmdMapped:        0 kB
CmaTotal:              0 kB
CmaFree:               0 kB
HugePages_Total:       0
HugePages_Free:        0
HugePages_Rsvd:        0
HugePages_Surp:        0
Hugepagesize:       2048 kB
Hugetlb:               0 kB
DirectMap4k:      754380 kB
DirectMap2M:    13860864 kB
DirectMap1G:     3145728 kB


/proc/sys/kernel/threads-max (system-wide limit on the number of threads):
127174


/proc/sys/vm/max_map_count (maximum number of memory map areas a process may have):
65530


/proc/sys/kernel/pid_max (system-wide limit on number of process identifiers):
32768



container (cgroup) information:
container_type: cgroupv1
cpu_cpuset_cpus: 0-15
cpu_memory_nodes: 0
active_processor_count: 16
cpu_quota: -1
cpu_period: 100000
cpu_shares: -1
memory_limit_in_bytes: -1
memory_and_swap_limit_in_bytes: -2
memory_soft_limit_in_bytes: -1
memory_usage_in_bytes: 11693113344
memory_max_usage_in_bytes: 13030567936


CPU:total 16 (initial active 16) (16 cores per cpu, 2 threads per core) family 23 model 1 stepping 1, cmov, cx8, fxsr, mmx, sse, sse2, sse3, ssse3, sse4.1, sse4.2, popcnt, avx, avx2, aes, clmul, mmxext, 3dnowpref, lzcnt, sse4a, ht, tsc, tscinvbit, tscinv, bmi1, bmi2, adx, sha, fma
CPU Model and flags from /proc/cpuinfo:
model name	: AMD Ryzen 7 1700 Eight-Core Processor
flags		: fpu vme de pse tsc msr pae mce cx8 apic sep mtrr pge mca cmov pat pse36 clflush mmx fxsr sse sse2 ht syscall nx mmxext fxsr_opt pdpe1gb rdtscp lm constant_tsc rep_good nopl nonstop_tsc cpuid extd_apicid aperfmperf pni pclmulqdq monitor ssse3 fma cx16 sse4_1 sse4_2 movbe popcnt aes xsave avx f16c rdrand lahf_lm cmp_legacy svm extapic cr8_legacy abm sse4a misalignsse 3dnowprefetch osvw skinit wdt tce topoext perfctr_core perfctr_nb bpext perfctr_llc mwaitx cpb hw_pstate sme ssbd sev vmmcall fsgsbase bmi1 avx2 smep bmi2 rdseed adx smap clflushopt sha_ni xsaveopt xsavec xgetbv1 xsaves clzero irperf xsaveerptr arat npt lbrv svm_lock nrip_save tsc_scale vmcb_clean flushbyasid decodeassists pausefilter pfthreshold avic v_vmsave_vmload vgif overflow_recov succor smca

Memory: 4k page, physical 16392996k(2916916k free), swap 2097148k(2097148k free)

vm_info: Java HotSpot(TM) 64-Bit Server VM (11.0.2+9-LTS) for linux-amd64 JRE (11.0.2+9-LTS), built on Jan 17 2019 21:22:50 by "mach5one" with gcc 7.3.0

END.
